nohup: ignoring input
Sweep log → /home/karthik/Semantics_Structure_MMTS/sweep_log.jsonl (tail -f to follow live)
[1/8640] SKIP (done): mmtsflib_Informer__C1_original__seed2021__Agriculture__h6
[2/8640] SKIP (done): mmtsflib_Autoformer__C1_original__seed2021__Agriculture__h6
[3/8640] SKIP (done): mmtsflib_Transformer__C1_original__seed2021__Agriculture__h6
[4/8640] SKIP (done): mmtsflib_Nonstationary_Transformer__C1_original__seed2021__Agriculture__h6
[5/8640] SKIP (done): mmtsflib_DLinear__C1_original__seed2021__Agriculture__h6
[6/8640] SKIP (done): mmtsflib_FEDformer__C1_original__seed2021__Agriculture__h6
[7/8640] SKIP (done): mmtsflib_Reformer__C1_original__seed2021__Agriculture__h6
[8/8640] SKIP (done): mmtsflib_Crossformer__C1_original__seed2021__Agriculture__h6
[9/8640] SKIP (done): mmtsflib_iTransformer__C1_original__seed2021__Agriculture__h6
[10/8640] SKIP (done): mmtsflib_FiLM__C1_original__seed2021__Agriculture__h6
[11/8640] SKIP (done): mmtsflib_Informer__C1_original__seed2021__Agriculture__h8
[12/8640] SKIP (done): mmtsflib_Autoformer__C1_original__seed2021__Agriculture__h8
[13/8640] SKIP (done): mmtsflib_Transformer__C1_original__seed2021__Agriculture__h8
[14/8640] SKIP (done): mmtsflib_Nonstationary_Transformer__C1_original__seed2021__Agriculture__h8
[15/8640] SKIP (done): mmtsflib_DLinear__C1_original__seed2021__Agriculture__h8
[16/8640] SKIP (done): mmtsflib_FEDformer__C1_original__seed2021__Agriculture__h8
[17/8640] SKIP (done): mmtsflib_Reformer__C1_original__seed2021__Agriculture__h8
[18/8640] SKIP (done): mmtsflib_Crossformer__C1_original__seed2021__Agriculture__h8
[19/8640] SKIP (done): mmtsflib_iTransformer__C1_original__seed2021__Agriculture__h8
[20/8640] SKIP (done): mmtsflib_FiLM__C1_original__seed2021__Agriculture__h8
[21/8640] SKIP (done): mmtsflib_Informer__C1_original__seed2021__Agriculture__h10
[22/8640] SKIP (done): mmtsflib_Autoformer__C1_original__seed2021__Agriculture__h10
[23/8640] SKIP (done): mmtsflib_Transformer__C1_original__seed2021__Agriculture__h10
[24/8640] SKIP (done): mmtsflib_Nonstationary_Transformer__C1_original__seed2021__Agriculture__h10
[25/8640] SKIP (done): mmtsflib_DLinear__C1_original__seed2021__Agriculture__h10
[26/8640] SKIP (done): mmtsflib_FEDformer__C1_original__seed2021__Agriculture__h10
[27/8640] SKIP (done): mmtsflib_Reformer__C1_original__seed2021__Agriculture__h10
[28/8640] SKIP (done): mmtsflib_Crossformer__C1_original__seed2021__Agriculture__h10
[29/8640] SKIP (done): mmtsflib_iTransformer__C1_original__seed2021__Agriculture__h10
[30/8640] SKIP (done): mmtsflib_FiLM__C1_original__seed2021__Agriculture__h10
[31/8640] SKIP (done): mmtsflib_Informer__C1_original__seed2021__Agriculture__h12
[32/8640] SKIP (done): mmtsflib_Autoformer__C1_original__seed2021__Agriculture__h12
[33/8640] SKIP (done): mmtsflib_Transformer__C1_original__seed2021__Agriculture__h12
[34/8640] SKIP (done): mmtsflib_Nonstationary_Transformer__C1_original__seed2021__Agriculture__h12
[35/8640] SKIP (done): mmtsflib_DLinear__C1_original__seed2021__Agriculture__h12
[36/8640] SKIP (done): mmtsflib_FEDformer__C1_original__seed2021__Agriculture__h12
[37/8640] SKIP (done): mmtsflib_Reformer__C1_original__seed2021__Agriculture__h12
[38/8640] SKIP (done): mmtsflib_Crossformer__C1_original__seed2021__Agriculture__h12
[39/8640] SKIP (done): mmtsflib_iTransformer__C1_original__seed2021__Agriculture__h12
[40/8640] SKIP (done): mmtsflib_FiLM__C1_original__seed2021__Agriculture__h12
[41/8640] SKIP (done): mmtsflib_Informer__C1_original__seed2021__Climate__h6
[42/8640] SKIP (done): mmtsflib_Autoformer__C1_original__seed2021__Climate__h6
[43/8640] SKIP (done): mmtsflib_Transformer__C1_original__seed2021__Climate__h6
[44/8640] SKIP (done): mmtsflib_Nonstationary_Transformer__C1_original__seed2021__Climate__h6
[45/8640] SKIP (done): mmtsflib_DLinear__C1_original__seed2021__Climate__h6
[46/8640] SKIP (done): mmtsflib_FEDformer__C1_original__seed2021__Climate__h6
[47/8640] SKIP (done): mmtsflib_Reformer__C1_original__seed2021__Climate__h6
[48/8640] SKIP (done): mmtsflib_Crossformer__C1_original__seed2021__Climate__h6
[49/8640] SKIP (done): mmtsflib_iTransformer__C1_original__seed2021__Climate__h6
[50/8640] SKIP (done): mmtsflib_FiLM__C1_original__seed2021__Climate__h6
[51/8640] SKIP (done): mmtsflib_Informer__C1_original__seed2021__Climate__h8
[52/8640] SKIP (done): mmtsflib_Autoformer__C1_original__seed2021__Climate__h8
[53/8640] SKIP (done): mmtsflib_Transformer__C1_original__seed2021__Climate__h8
[54/8640] SKIP (done): mmtsflib_Nonstationary_Transformer__C1_original__seed2021__Climate__h8
[55/8640] SKIP (done): mmtsflib_DLinear__C1_original__seed2021__Climate__h8
[56/8640] SKIP (done): mmtsflib_FEDformer__C1_original__seed2021__Climate__h8
[57/8640] SKIP (done): mmtsflib_Reformer__C1_original__seed2021__Climate__h8
[58/8640] SKIP (done): mmtsflib_Crossformer__C1_original__seed2021__Climate__h8
[59/8640] SKIP (done): mmtsflib_iTransformer__C1_original__seed2021__Climate__h8
[60/8640] SKIP (done): mmtsflib_FiLM__C1_original__seed2021__Climate__h8
[61/8640] SKIP (done): mmtsflib_Informer__C1_original__seed2021__Climate__h10
[62/8640] SKIP (done): mmtsflib_Autoformer__C1_original__seed2021__Climate__h10
[63/8640] SKIP (done): mmtsflib_Transformer__C1_original__seed2021__Climate__h10
[64/8640] SKIP (done): mmtsflib_Nonstationary_Transformer__C1_original__seed2021__Climate__h10
[65/8640] SKIP (done): mmtsflib_DLinear__C1_original__seed2021__Climate__h10
[66/8640] SKIP (done): mmtsflib_FEDformer__C1_original__seed2021__Climate__h10
[67/8640] SKIP (done): mmtsflib_Reformer__C1_original__seed2021__Climate__h10
[68/8640] SKIP (done): mmtsflib_Crossformer__C1_original__seed2021__Climate__h10
[69/8640] SKIP (done): mmtsflib_iTransformer__C1_original__seed2021__Climate__h10
[70/8640] SKIP (done): mmtsflib_FiLM__C1_original__seed2021__Climate__h10
[71/8640] SKIP (done): mmtsflib_Informer__C1_original__seed2021__Climate__h12
[72/8640] SKIP (done): mmtsflib_Autoformer__C1_original__seed2021__Climate__h12
[73/8640] SKIP (done): mmtsflib_Transformer__C1_original__seed2021__Climate__h12
[74/8640] SKIP (done): mmtsflib_Nonstationary_Transformer__C1_original__seed2021__Climate__h12
[75/8640] SKIP (done): mmtsflib_DLinear__C1_original__seed2021__Climate__h12
[76/8640] SKIP (done): mmtsflib_FEDformer__C1_original__seed2021__Climate__h12
[77/8640] SKIP (done): mmtsflib_Reformer__C1_original__seed2021__Climate__h12
[78/8640] SKIP (done): mmtsflib_Crossformer__C1_original__seed2021__Climate__h12
[79/8640] SKIP (done): mmtsflib_iTransformer__C1_original__seed2021__Climate__h12
[80/8640] SKIP (done): mmtsflib_FiLM__C1_original__seed2021__Climate__h12
[81/8640] SKIP (done): mmtsflib_Informer__C1_original__seed2021__Economy__h6
[82/8640] SKIP (done): mmtsflib_Autoformer__C1_original__seed2021__Economy__h6
[83/8640] SKIP (done): mmtsflib_Transformer__C1_original__seed2021__Economy__h6
[84/8640] SKIP (done): mmtsflib_Nonstationary_Transformer__C1_original__seed2021__Economy__h6
[85/8640] SKIP (done): mmtsflib_DLinear__C1_original__seed2021__Economy__h6
[86/8640] SKIP (done): mmtsflib_FEDformer__C1_original__seed2021__Economy__h6
[87/8640] SKIP (done): mmtsflib_Reformer__C1_original__seed2021__Economy__h6
[88/8640] SKIP (done): mmtsflib_Crossformer__C1_original__seed2021__Economy__h6
[89/8640] SKIP (done): mmtsflib_iTransformer__C1_original__seed2021__Economy__h6
[90/8640] SKIP (done): mmtsflib_FiLM__C1_original__seed2021__Economy__h6
[91/8640] SKIP (done): mmtsflib_Informer__C1_original__seed2021__Economy__h8
[92/8640] SKIP (done): mmtsflib_Autoformer__C1_original__seed2021__Economy__h8
[93/8640] SKIP (done): mmtsflib_Transformer__C1_original__seed2021__Economy__h8
[94/8640] SKIP (done): mmtsflib_Nonstationary_Transformer__C1_original__seed2021__Economy__h8
[95/8640] SKIP (done): mmtsflib_DLinear__C1_original__seed2021__Economy__h8
[96/8640] SKIP (done): mmtsflib_FEDformer__C1_original__seed2021__Economy__h8
[97/8640] SKIP (done): mmtsflib_Reformer__C1_original__seed2021__Economy__h8
[98/8640] SKIP (done): mmtsflib_Crossformer__C1_original__seed2021__Economy__h8
[99/8640] SKIP (done): mmtsflib_iTransformer__C1_original__seed2021__Economy__h8
[100/8640] SKIP (done): mmtsflib_FiLM__C1_original__seed2021__Economy__h8
[101/8640] SKIP (done): mmtsflib_Informer__C1_original__seed2021__Economy__h10
[102/8640] SKIP (done): mmtsflib_Autoformer__C1_original__seed2021__Economy__h10
[103/8640] SKIP (done): mmtsflib_Transformer__C1_original__seed2021__Economy__h10
[104/8640] SKIP (done): mmtsflib_Nonstationary_Transformer__C1_original__seed2021__Economy__h10
[105/8640] SKIP (done): mmtsflib_DLinear__C1_original__seed2021__Economy__h10
[106/8640] SKIP (done): mmtsflib_FEDformer__C1_original__seed2021__Economy__h10
[107/8640] SKIP (done): mmtsflib_Reformer__C1_original__seed2021__Economy__h10
[108/8640] SKIP (done): mmtsflib_Crossformer__C1_original__seed2021__Economy__h10
[109/8640] SKIP (done): mmtsflib_iTransformer__C1_original__seed2021__Economy__h10
[110/8640] SKIP (done): mmtsflib_FiLM__C1_original__seed2021__Economy__h10
[111/8640] SKIP (done): mmtsflib_Informer__C1_original__seed2021__Economy__h12
[112/8640] SKIP (done): mmtsflib_Autoformer__C1_original__seed2021__Economy__h12
[113/8640] SKIP (done): mmtsflib_Transformer__C1_original__seed2021__Economy__h12
[114/8640] SKIP (done): mmtsflib_Nonstationary_Transformer__C1_original__seed2021__Economy__h12
[115/8640] SKIP (done): mmtsflib_DLinear__C1_original__seed2021__Economy__h12
[116/8640] SKIP (done): mmtsflib_FEDformer__C1_original__seed2021__Economy__h12
[117/8640] SKIP (done): mmtsflib_Reformer__C1_original__seed2021__Economy__h12
[118/8640] SKIP (done): mmtsflib_Crossformer__C1_original__seed2021__Economy__h12
[119/8640] SKIP (done): mmtsflib_iTransformer__C1_original__seed2021__Economy__h12
[120/8640] SKIP (done): mmtsflib_FiLM__C1_original__seed2021__Economy__h12
[121/8640] SKIP (done): mmtsflib_Informer__C1_original__seed2021__Energy__h12
[122/8640] SKIP (done): mmtsflib_Autoformer__C1_original__seed2021__Energy__h12
[123/8640] SKIP (done): mmtsflib_Transformer__C1_original__seed2021__Energy__h12
[124/8640] SKIP (done): mmtsflib_Nonstationary_Transformer__C1_original__seed2021__Energy__h12
[125/8640] SKIP (done): mmtsflib_DLinear__C1_original__seed2021__Energy__h12
[126/8640] SKIP (done): mmtsflib_FEDformer__C1_original__seed2021__Energy__h12
[127/8640] SKIP (done): mmtsflib_Reformer__C1_original__seed2021__Energy__h12
[128/8640] SKIP (done): mmtsflib_Crossformer__C1_original__seed2021__Energy__h12
[129/8640] SKIP (done): mmtsflib_iTransformer__C1_original__seed2021__Energy__h12
[130/8640] SKIP (done): mmtsflib_FiLM__C1_original__seed2021__Energy__h12
[131/8640] SKIP (done): mmtsflib_Informer__C1_original__seed2021__Energy__h24
[132/8640] SKIP (done): mmtsflib_Autoformer__C1_original__seed2021__Energy__h24
[133/8640] SKIP (done): mmtsflib_Transformer__C1_original__seed2021__Energy__h24
[134/8640] SKIP (done): mmtsflib_Nonstationary_Transformer__C1_original__seed2021__Energy__h24
[135/8640] SKIP (done): mmtsflib_DLinear__C1_original__seed2021__Energy__h24
[136/8640] SKIP (done): mmtsflib_FEDformer__C1_original__seed2021__Energy__h24
[137/8640] SKIP (done): mmtsflib_Reformer__C1_original__seed2021__Energy__h24
[138/8640] SKIP (done): mmtsflib_Crossformer__C1_original__seed2021__Energy__h24
[139/8640] SKIP (done): mmtsflib_iTransformer__C1_original__seed2021__Energy__h24
[140/8640] SKIP (done): mmtsflib_FiLM__C1_original__seed2021__Energy__h24
[141/8640] SKIP (done): mmtsflib_Informer__C1_original__seed2021__Energy__h36
[142/8640] SKIP (done): mmtsflib_Autoformer__C1_original__seed2021__Energy__h36
[143/8640] SKIP (done): mmtsflib_Transformer__C1_original__seed2021__Energy__h36
[144/8640] SKIP (done): mmtsflib_Nonstationary_Transformer__C1_original__seed2021__Energy__h36
[145/8640] SKIP (done): mmtsflib_DLinear__C1_original__seed2021__Energy__h36
[146/8640] SKIP (done): mmtsflib_FEDformer__C1_original__seed2021__Energy__h36
[147/8640] SKIP (done): mmtsflib_Reformer__C1_original__seed2021__Energy__h36
[148/8640] SKIP (done): mmtsflib_Crossformer__C1_original__seed2021__Energy__h36
[149/8640] SKIP (done): mmtsflib_iTransformer__C1_original__seed2021__Energy__h36
[150/8640] SKIP (done): mmtsflib_FiLM__C1_original__seed2021__Energy__h36
[151/8640] SKIP (done): mmtsflib_Informer__C1_original__seed2021__Energy__h48
[152/8640] SKIP (done): mmtsflib_Autoformer__C1_original__seed2021__Energy__h48
[153/8640] SKIP (done): mmtsflib_Transformer__C1_original__seed2021__Energy__h48
[154/8640] SKIP (done): mmtsflib_Nonstationary_Transformer__C1_original__seed2021__Energy__h48
[155/8640] SKIP (done): mmtsflib_DLinear__C1_original__seed2021__Energy__h48
[156/8640] SKIP (done): mmtsflib_FEDformer__C1_original__seed2021__Energy__h48
[157/8640] SKIP (done): mmtsflib_Reformer__C1_original__seed2021__Energy__h48
[158/8640] SKIP (done): mmtsflib_Crossformer__C1_original__seed2021__Energy__h48
[159/8640] SKIP (done): mmtsflib_iTransformer__C1_original__seed2021__Energy__h48
[160/8640] SKIP (done): mmtsflib_FiLM__C1_original__seed2021__Energy__h48
[161/8640] SKIP (done): mmtsflib_Informer__C1_original__seed2021__Environment__h48
[162/8640] SKIP (done): mmtsflib_Autoformer__C1_original__seed2021__Environment__h48
[163/8640] SKIP (done): mmtsflib_Transformer__C1_original__seed2021__Environment__h48
[164/8640] SKIP (done): mmtsflib_Nonstationary_Transformer__C1_original__seed2021__Environment__h48
[165/8640] SKIP (done): mmtsflib_DLinear__C1_original__seed2021__Environment__h48
[166/8640] SKIP (done): mmtsflib_FEDformer__C1_original__seed2021__Environment__h48
[167/8640] SKIP (done): mmtsflib_Reformer__C1_original__seed2021__Environment__h48
[168/8640] SKIP (done): mmtsflib_Crossformer__C1_original__seed2021__Environment__h48
[169/8640] SKIP (done): mmtsflib_iTransformer__C1_original__seed2021__Environment__h48
[170/8640] SKIP (done): mmtsflib_FiLM__C1_original__seed2021__Environment__h48
[171/8640] SKIP (done): mmtsflib_Informer__C1_original__seed2021__Environment__h96
[172/8640] SKIP (done): mmtsflib_Autoformer__C1_original__seed2021__Environment__h96
[173/8640] SKIP (done): mmtsflib_Transformer__C1_original__seed2021__Environment__h96
[174/8640] SKIP (done): mmtsflib_Nonstationary_Transformer__C1_original__seed2021__Environment__h96
[175/8640] SKIP (done): mmtsflib_DLinear__C1_original__seed2021__Environment__h96
[176/8640] RUN: mmtsflib_FEDformer__C1_original__seed2021__Environment__h96
    -> OK (1088.5s) MSE=0.4996 MAE=0.5507
[177/8640] RUN: mmtsflib_Reformer__C1_original__seed2021__Environment__h96
    -> OK (532.0s) MSE=0.4799 MAE=0.5437
[178/8640] RUN: mmtsflib_Crossformer__C1_original__seed2021__Environment__h96
    -> OK (1108.2s) MSE=0.5865 MAE=0.5960
[179/8640] RUN: mmtsflib_iTransformer__C1_original__seed2021__Environment__h96
    -> OK (811.0s) MSE=0.4184 MAE=0.4811
[180/8640] RUN: mmtsflib_FiLM__C1_original__seed2021__Environment__h96
    -> OK (1303.6s) MSE=0.5101 MAE=0.5101
[181/8640] RUN: mmtsflib_Informer__C1_original__seed2021__Environment__h192
    -> OK (1066.2s) MSE=0.4880 MAE=0.5289
[182/8640] RUN: mmtsflib_Autoformer__C1_original__seed2021__Environment__h192
    -> OK (519.5s) MSE=0.5819 MAE=0.5960
[183/8640] RUN: mmtsflib_Transformer__C1_original__seed2021__Environment__h192
    -> OK (840.2s) MSE=0.4549 MAE=0.5126
[184/8640] RUN: mmtsflib_Nonstationary_Transformer__C1_original__seed2021__Environment__h192
    -> OK (611.9s) MSE=0.4452 MAE=0.5071
[185/8640] RUN: mmtsflib_DLinear__C1_original__seed2021__Environment__h192
    -> OK (1092.1s) MSE=0.6049 MAE=0.6560
[186/8640] RUN: mmtsflib_FEDformer__C1_original__seed2021__Environment__h192
    -> OK (1059.5s) MSE=0.5066 MAE=0.5436
[187/8640] RUN: mmtsflib_Reformer__C1_original__seed2021__Environment__h192
    -> OK (1050.3s) MSE=0.4752 MAE=0.5243
[188/8640] RUN: mmtsflib_Crossformer__C1_original__seed2021__Environment__h192
    -> OK (842.9s) MSE=0.6138 MAE=0.6200
[189/8640] RUN: mmtsflib_iTransformer__C1_original__seed2021__Environment__h192
    -> OK (677.3s) MSE=0.4221 MAE=0.4857
[190/8640] RUN: mmtsflib_FiLM__C1_original__seed2021__Environment__h192
    -> OK (1269.5s) MSE=0.5365 MAE=0.5230
[191/8640] RUN: mmtsflib_Informer__C1_original__seed2021__Environment__h336
    -> OK (933.5s) MSE=0.4668 MAE=0.5097
[192/8640] RUN: mmtsflib_Autoformer__C1_original__seed2021__Environment__h336
    -> OK (1012.4s) MSE=0.5713 MAE=0.5747
[193/8640] RUN: mmtsflib_Transformer__C1_original__seed2021__Environment__h336
    -> OK (490.6s) MSE=0.4506 MAE=0.5067
[194/8640] RUN: mmtsflib_Nonstationary_Transformer__C1_original__seed2021__Environment__h336
    -> OK (493.4s) MSE=0.4501 MAE=0.5170
[195/8640] RUN: mmtsflib_DLinear__C1_original__seed2021__Environment__h336
    -> OK (1039.4s) MSE=0.5304 MAE=0.5963
[196/8640] RUN: mmtsflib_FEDformer__C1_original__seed2021__Environment__h336
    -> OK (712.5s) MSE=0.5102 MAE=0.5620
[197/8640] RUN: mmtsflib_Reformer__C1_original__seed2021__Environment__h336
    -> OK (691.0s) MSE=0.4517 MAE=0.5137
[198/8640] RUN: mmtsflib_Crossformer__C1_original__seed2021__Environment__h336
    -> OK (912.9s) MSE=0.5255 MAE=0.5583
[199/8640] RUN: mmtsflib_iTransformer__C1_original__seed2021__Environment__h336
    -> OK (647.6s) MSE=0.4166 MAE=0.4765
[200/8640] RUN: mmtsflib_FiLM__C1_original__seed2021__Environment__h336
    -> OK (1216.6s) MSE=0.4991 MAE=0.5047
[201/8640] RUN: mmtsflib_Informer__C1_original__seed2021__Health__h12
    -> OK (139.0s) MSE=1.0162 MAE=0.6854
[202/8640] RUN: mmtsflib_Autoformer__C1_original__seed2021__Health__h12
    -> OK (122.2s) MSE=1.5913 MAE=0.9220
[203/8640] RUN: mmtsflib_Transformer__C1_original__seed2021__Health__h12
    -> OK (138.6s) MSE=1.1262 MAE=0.7972
[204/8640] RUN: mmtsflib_Nonstationary_Transformer__C1_original__seed2021__Health__h12
    -> OK (192.5s) MSE=0.7578 MAE=0.5846
[205/8640] RUN: mmtsflib_DLinear__C1_original__seed2021__Health__h12
    -> OK (185.8s) MSE=1.6133 MAE=0.8226
[206/8640] RUN: mmtsflib_FEDformer__C1_original__seed2021__Health__h12
    -> OK (187.8s) MSE=1.0631 MAE=0.7300
[207/8640] RUN: mmtsflib_Reformer__C1_original__seed2021__Health__h12
    -> OK (173.9s) MSE=1.2895 MAE=0.8471
[208/8640] RUN: mmtsflib_Crossformer__C1_original__seed2021__Health__h12
    -> OK (181.1s) MSE=1.1197 MAE=0.7065
[209/8640] RUN: mmtsflib_iTransformer__C1_original__seed2021__Health__h12
