nohup: ignoring input
Sweep log → /home/karthik/Semantics_Structure_MMTS/sweep_log.jsonl (tail -f to follow live)
[1/864] RUN: aurora__C1_original__seed2021__Agriculture__h6
    -> OK (7.6s) MSE=0.1842 MAE=0.2958
[2/864] RUN: aurora__C1_original__seed2021__Agriculture__h8
    -> OK (7.6s) MSE=0.2377 MAE=0.3297
[3/864] RUN: aurora__C1_original__seed2021__Agriculture__h10
    -> OK (7.6s) MSE=0.2999 MAE=0.3643
[4/864] RUN: aurora__C1_original__seed2021__Agriculture__h12
    -> OK (7.5s) MSE=0.3794 MAE=0.4048
[5/864] RUN: aurora__C1_original__seed2021__Climate__h6
    -> OK (7.7s) MSE=0.8563 MAE=0.7446
[6/864] RUN: aurora__C1_original__seed2021__Climate__h8
    -> OK (8.4s) MSE=0.8634 MAE=0.7478
[7/864] RUN: aurora__C1_original__seed2021__Climate__h10
    -> OK (7.8s) MSE=0.8658 MAE=0.7480
[8/864] RUN: aurora__C1_original__seed2021__Climate__h12
    -> OK (7.8s) MSE=0.8742 MAE=0.7507
[9/864] RUN: aurora__C1_original__seed2021__Economy__h6
    -> OK (7.6s) MSE=0.0349 MAE=0.1494
[10/864] RUN: aurora__C1_original__seed2021__Economy__h8
    -> OK (7.8s) MSE=0.0340 MAE=0.1479
[11/864] RUN: aurora__C1_original__seed2021__Economy__h10
    -> OK (8.3s) MSE=0.0318 MAE=0.1429
[12/864] RUN: aurora__C1_original__seed2021__Economy__h12
    -> OK (7.6s) MSE=0.0317 MAE=0.1437
[13/864] RUN: aurora__C1_original__seed2021__Energy__h12
    -> OK (10.4s) MSE=0.1184 MAE=0.2538
[14/864] RUN: aurora__C1_original__seed2021__Energy__h24
    -> OK (10.4s) MSE=0.2237 MAE=0.3516
[15/864] RUN: aurora__C1_original__seed2021__Energy__h36
    -> OK (10.0s) MSE=0.2908 MAE=0.4071
[16/864] RUN: aurora__C1_original__seed2021__Energy__h48
    -> OK (10.4s) MSE=0.3827 MAE=0.4721
[17/864] RUN: aurora__C1_original__seed2021__Environment__h48
    -> OK (45.1s) MSE=0.2803 MAE=0.3797
[18/864] RUN: aurora__C1_original__seed2021__Environment__h96
    -> OK (50.5s) MSE=0.2844 MAE=0.3820
[19/864] RUN: aurora__C1_original__seed2021__Environment__h192
    -> OK (61.5s) MSE=0.2702 MAE=0.3755
[20/864] RUN: aurora__C1_original__seed2021__Environment__h336
    -> OK (75.8s) MSE=0.2690 MAE=0.3774
[21/864] RUN: aurora__C1_original__seed2021__Health__h12
    -> OK (10.1s) MSE=1.0892 MAE=0.6671
[22/864] RUN: aurora__C1_original__seed2021__Health__h24
    -> OK (9.9s) MSE=1.5676 MAE=0.8452
[23/864] RUN: aurora__C1_original__seed2021__Health__h36
    -> OK (9.8s) MSE=1.6887 MAE=0.9189
[24/864] RUN: aurora__C1_original__seed2021__Health__h48
    -> OK (9.9s) MSE=1.8589 MAE=0.9622
[25/864] RUN: aurora__C1_original__seed2021__Security__h6
    -> OK (7.5s) MSE=67.4690 MAE=3.8803
[26/864] RUN: aurora__C1_original__seed2021__Security__h8
    -> OK (7.5s) MSE=70.9709 MAE=4.0334
[27/864] RUN: aurora__C1_original__seed2021__Security__h10
    -> OK (7.3s) MSE=74.2944 MAE=4.1395
[28/864] RUN: aurora__C1_original__seed2021__Security__h12
    -> OK (7.2s) MSE=77.9284 MAE=4.2611
[29/864] RUN: aurora__C1_original__seed2021__SocialGood__h6
    -> OK (9.3s) MSE=0.7067 MAE=0.4444
[30/864] RUN: aurora__C1_original__seed2021__SocialGood__h8
    -> OK (9.6s) MSE=0.7990 MAE=0.4939
[31/864] RUN: aurora__C1_original__seed2021__SocialGood__h10
    -> OK (9.2s) MSE=0.8852 MAE=0.5430
[32/864] RUN: aurora__C1_original__seed2021__SocialGood__h12
    -> OK (9.3s) MSE=0.9485 MAE=0.5844
[33/864] RUN: aurora__C1_original__seed2021__Traffic__h6
    -> OK (8.1s) MSE=0.1538 MAE=0.2846
[34/864] RUN: aurora__C1_original__seed2021__Traffic__h8
    -> OK (8.1s) MSE=0.1580 MAE=0.2858
[35/864] RUN: aurora__C1_original__seed2021__Traffic__h10
    -> OK (8.3s) MSE=0.1627 MAE=0.2886
[36/864] RUN: aurora__C1_original__seed2021__Traffic__h12
    -> OK (8.0s) MSE=0.1688 MAE=0.2951
[37/864] RUN: aurora__C1_original__seed2022__Agriculture__h6
    -> OK (7.9s) MSE=0.1820 MAE=0.2975
[38/864] RUN: aurora__C1_original__seed2022__Agriculture__h8
    -> OK (7.7s) MSE=0.2409 MAE=0.3328
[39/864] RUN: aurora__C1_original__seed2022__Agriculture__h10
    -> OK (8.2s) MSE=0.3078 MAE=0.3708
[40/864] RUN: aurora__C1_original__seed2022__Agriculture__h12
    -> OK (7.7s) MSE=0.3737 MAE=0.3998
[41/864] RUN: aurora__C1_original__seed2022__Climate__h6
    -> OK (7.8s) MSE=0.8543 MAE=0.7454
[42/864] RUN: aurora__C1_original__seed2022__Climate__h8
    -> OK (7.8s) MSE=0.8606 MAE=0.7460
[43/864] RUN: aurora__C1_original__seed2022__Climate__h10
    -> OK (7.9s) MSE=0.8656 MAE=0.7461
[44/864] RUN: aurora__C1_original__seed2022__Climate__h12
    -> OK (8.2s) MSE=0.8730 MAE=0.7508
[45/864] RUN: aurora__C1_original__seed2022__Economy__h6
    -> OK (7.6s) MSE=0.0382 MAE=0.1566
[46/864] RUN: aurora__C1_original__seed2022__Economy__h8
    -> OK (7.5s) MSE=0.0340 MAE=0.1466
[47/864] RUN: aurora__C1_original__seed2022__Economy__h10
    -> OK (7.6s) MSE=0.0312 MAE=0.1411
[48/864] RUN: aurora__C1_original__seed2022__Economy__h12
    -> OK (7.5s) MSE=0.0325 MAE=0.1454
[49/864] RUN: aurora__C1_original__seed2022__Energy__h12
    -> OK (10.3s) MSE=0.1185 MAE=0.2547
[50/864] RUN: aurora__C1_original__seed2022__Energy__h24
    -> OK (10.1s) MSE=0.2247 MAE=0.3536
[51/864] RUN: aurora__C1_original__seed2022__Energy__h36
    -> OK (9.9s) MSE=0.2912 MAE=0.4088
[52/864] RUN: aurora__C1_original__seed2022__Energy__h48
    -> OK (9.8s) MSE=0.3858 MAE=0.4742
[53/864] RUN: aurora__C1_original__seed2022__Environment__h48
    -> OK (46.4s) MSE=0.2805 MAE=0.3798
[54/864] RUN: aurora__C1_original__seed2022__Environment__h96
    -> OK (50.6s) MSE=0.2845 MAE=0.3820
[55/864] RUN: aurora__C1_original__seed2022__Environment__h192
    -> OK (61.2s) MSE=0.2703 MAE=0.3755
[56/864] RUN: aurora__C1_original__seed2022__Environment__h336
    -> OK (73.7s) MSE=0.2691 MAE=0.3774
[57/864] RUN: aurora__C1_original__seed2022__Health__h12
    -> OK (10.1s) MSE=1.0954 MAE=0.6686
[58/864] RUN: aurora__C1_original__seed2022__Health__h24
    -> OK (10.1s) MSE=1.5698 MAE=0.8453
[59/864] RUN: aurora__C1_original__seed2022__Health__h36
    -> OK (9.8s) MSE=1.6868 MAE=0.9184
[60/864] RUN: aurora__C1_original__seed2022__Health__h48
    -> OK (9.6s) MSE=1.8552 MAE=0.9617
[61/864] RUN: aurora__C1_original__seed2022__Security__h6
    -> OK (7.4s) MSE=67.2912 MAE=3.9096
[62/864] RUN: aurora__C1_original__seed2022__Security__h8
    -> OK (7.4s) MSE=70.3869 MAE=4.0108
[63/864] RUN: aurora__C1_original__seed2022__Security__h10
    -> OK (7.3s) MSE=76.0588 MAE=4.2459
[64/864] RUN: aurora__C1_original__seed2022__Security__h12
    -> OK (7.3s) MSE=77.6734 MAE=4.2608
[65/864] RUN: aurora__C1_original__seed2022__SocialGood__h6
    -> OK (9.9s) MSE=0.7036 MAE=0.4405
[66/864] RUN: aurora__C1_original__seed2022__SocialGood__h8
    -> OK (9.3s) MSE=0.8030 MAE=0.4895
[67/864] RUN: aurora__C1_original__seed2022__SocialGood__h10
    -> OK (9.3s) MSE=0.8809 MAE=0.5392
[68/864] RUN: aurora__C1_original__seed2022__SocialGood__h12
    -> OK (9.5s) MSE=0.9516 MAE=0.5831
[69/864] RUN: aurora__C1_original__seed2022__Traffic__h6
    -> OK (8.0s) MSE=0.1546 MAE=0.2861
[70/864] RUN: aurora__C1_original__seed2022__Traffic__h8
    -> OK (8.0s) MSE=0.1594 MAE=0.2876
[71/864] RUN: aurora__C1_original__seed2022__Traffic__h10
    -> OK (7.9s) MSE=0.1638 MAE=0.2902
[72/864] RUN: aurora__C1_original__seed2022__Traffic__h12
    -> OK (8.6s) MSE=0.1682 MAE=0.2946
[73/864] RUN: aurora__C1_original__seed2023__Agriculture__h6
    -> OK (7.8s) MSE=0.1775 MAE=0.2926
[74/864] RUN: aurora__C1_original__seed2023__Agriculture__h8
    -> OK (7.8s) MSE=0.2387 MAE=0.3306
[75/864] RUN: aurora__C1_original__seed2023__Agriculture__h10
    -> OK (7.8s) MSE=0.3150 MAE=0.3748
[76/864] RUN: aurora__C1_original__seed2023__Agriculture__h12
    -> OK (7.7s) MSE=0.3639 MAE=0.3988
[77/864] RUN: aurora__C1_original__seed2023__Climate__h6
    -> OK (7.9s) MSE=0.8635 MAE=0.7482
[78/864] RUN: aurora__C1_original__seed2023__Climate__h8
    -> OK (8.1s) MSE=0.8647 MAE=0.7474
[79/864] RUN: aurora__C1_original__seed2023__Climate__h10
    -> OK (8.1s) MSE=0.8639 MAE=0.7470
[80/864] RUN: aurora__C1_original__seed2023__Climate__h12
    -> OK (7.8s) MSE=0.8727 MAE=0.7510
[81/864] RUN: aurora__C1_original__seed2023__Economy__h6
    -> OK (7.7s) MSE=0.0349 MAE=0.1517
[82/864] RUN: aurora__C1_original__seed2023__Economy__h8
    -> OK (7.6s) MSE=0.0324 MAE=0.1439
[83/864] RUN: aurora__C1_original__seed2023__Economy__h10
    -> OK (7.5s) MSE=0.0303 MAE=0.1390
[84/864] RUN: aurora__C1_original__seed2023__Economy__h12
    -> OK (7.8s) MSE=0.0328 MAE=0.1446
[85/864] RUN: aurora__C1_original__seed2023__Energy__h12
    -> OK (10.2s) MSE=0.1211 MAE=0.2581
[86/864] RUN: aurora__C1_original__seed2023__Energy__h24
    -> OK (10.1s) MSE=0.2270 MAE=0.3555
[87/864] RUN: aurora__C1_original__seed2023__Energy__h36
    -> OK (10.0s) MSE=0.2916 MAE=0.4086
[88/864] RUN: aurora__C1_original__seed2023__Energy__h48
    -> OK (10.1s) MSE=0.3825 MAE=0.4720
[89/864] RUN: aurora__C1_original__seed2023__Environment__h48
    -> OK (46.2s) MSE=0.2806 MAE=0.3800
[90/864] RUN: aurora__C1_original__seed2023__Environment__h96
    -> OK (50.9s) MSE=0.2843 MAE=0.3820
[91/864] RUN: aurora__C1_original__seed2023__Environment__h192
    -> OK (61.0s) MSE=0.2703 MAE=0.3755
[92/864] RUN: aurora__C1_original__seed2023__Environment__h336
    -> OK (74.5s) MSE=0.2690 MAE=0.3774
[93/864] RUN: aurora__C1_original__seed2023__Health__h12
    -> OK (10.1s) MSE=1.0924 MAE=0.6679
[94/864] RUN: aurora__C1_original__seed2023__Health__h24
    -> OK (9.9s) MSE=1.5689 MAE=0.8477
[95/864] RUN: aurora__C1_original__seed2023__Health__h36
    -> OK (9.7s) MSE=1.6967 MAE=0.9208
[96/864] RUN: aurora__C1_original__seed2023__Health__h48
    -> OK (9.7s) MSE=1.8609 MAE=0.9615
[97/864] RUN: aurora__C1_original__seed2023__Security__h6
    -> OK (7.9s) MSE=67.4454 MAE=3.9022
[98/864] RUN: aurora__C1_original__seed2023__Security__h8
    -> OK (7.3s) MSE=70.9385 MAE=4.0360
[99/864] RUN: aurora__C1_original__seed2023__Security__h10
    -> OK (7.3s) MSE=74.4765 MAE=4.1658
[100/864] RUN: aurora__C1_original__seed2023__Security__h12
    -> OK (7.2s) MSE=77.7354 MAE=4.2392
[101/864] RUN: aurora__C1_original__seed2023__SocialGood__h6
    -> OK (9.4s) MSE=0.7024 MAE=0.4407
[102/864] RUN: aurora__C1_original__seed2023__SocialGood__h8
    -> OK (9.3s) MSE=0.8082 MAE=0.4963
[103/864] RUN: aurora__C1_original__seed2023__SocialGood__h10
    -> OK (9.7s) MSE=0.8842 MAE=0.5435
[104/864] RUN: aurora__C1_original__seed2023__SocialGood__h12
    -> OK (9.3s) MSE=0.9570 MAE=0.5823
[105/864] RUN: aurora__C1_original__seed2023__Traffic__h6
    -> OK (8.0s) MSE=0.1552 MAE=0.2856
[106/864] RUN: aurora__C1_original__seed2023__Traffic__h8
    -> OK (8.0s) MSE=0.1585 MAE=0.2869
[107/864] RUN: aurora__C1_original__seed2023__Traffic__h10
    -> OK (8.3s) MSE=0.1620 MAE=0.2887
[108/864] RUN: aurora__C1_original__seed2023__Traffic__h12
    -> OK (7.9s) MSE=0.1685 MAE=0.2948
[109/864] RUN: aurora__C2_empty__seed2021__Agriculture__h6
    -> OK (7.5s) MSE=0.1847 MAE=0.2971
[110/864] RUN: aurora__C2_empty__seed2021__Agriculture__h8
    -> OK (7.6s) MSE=0.2380 MAE=0.3309
[111/864] RUN: aurora__C2_empty__seed2021__Agriculture__h10
    -> OK (7.6s) MSE=0.2998 MAE=0.3650
[112/864] RUN: aurora__C2_empty__seed2021__Agriculture__h12
    -> OK (7.7s) MSE=0.3793 MAE=0.4060
[113/864] RUN: aurora__C2_empty__seed2021__Climate__h6
    -> OK (7.9s) MSE=0.8563 MAE=0.7447
[114/864] RUN: aurora__C2_empty__seed2021__Climate__h8
    -> OK (7.6s) MSE=0.8634 MAE=0.7478
[115/864] RUN: aurora__C2_empty__seed2021__Climate__h10
    -> OK (7.5s) MSE=0.8658 MAE=0.7480
[116/864] RUN: aurora__C2_empty__seed2021__Climate__h12
    -> OK (7.5s) MSE=0.8742 MAE=0.7508
[117/864] RUN: aurora__C2_empty__seed2021__Economy__h6
    -> OK (7.8s) MSE=0.0335 MAE=0.1470
[118/864] RUN: aurora__C2_empty__seed2021__Economy__h8
    -> OK (7.5s) MSE=0.0327 MAE=0.1449
[119/864] RUN: aurora__C2_empty__seed2021__Economy__h10
    -> OK (7.3s) MSE=0.0308 MAE=0.1408
[120/864] RUN: aurora__C2_empty__seed2021__Economy__h12
    -> OK (7.5s) MSE=0.0308 MAE=0.1417
[121/864] RUN: aurora__C2_empty__seed2021__Energy__h12
    -> OK (10.2s) MSE=0.1170 MAE=0.2513
[122/864] RUN: aurora__C2_empty__seed2021__Energy__h24
    -> OK (10.2s) MSE=0.2246 MAE=0.3507
[123/864] RUN: aurora__C2_empty__seed2021__Energy__h36
    -> OK (9.8s) MSE=0.2927 MAE=0.4064
[124/864] RUN: aurora__C2_empty__seed2021__Energy__h48
    -> OK (10.2s) MSE=0.3849 MAE=0.4723
[125/864] RUN: aurora__C2_empty__seed2021__Environment__h48
    -> OK (45.1s) MSE=0.2802 MAE=0.3793
[126/864] RUN: aurora__C2_empty__seed2021__Environment__h96
    -> OK (50.0s) MSE=0.2843 MAE=0.3816
[127/864] RUN: aurora__C2_empty__seed2021__Environment__h192
    -> OK (60.4s) MSE=0.2701 MAE=0.3752
[128/864] RUN: aurora__C2_empty__seed2021__Environment__h336
    -> OK (74.9s) MSE=0.2688 MAE=0.3769
[129/864] RUN: aurora__C2_empty__seed2021__Health__h12
    -> OK (9.9s) MSE=1.0903 MAE=0.6675
[130/864] RUN: aurora__C2_empty__seed2021__Health__h24
    -> OK (9.8s) MSE=1.5673 MAE=0.8447
[131/864] RUN: aurora__C2_empty__seed2021__Health__h36
    -> OK (9.7s) MSE=1.6851 MAE=0.9177
[132/864] RUN: aurora__C2_empty__seed2021__Health__h48
    -> OK (9.5s) MSE=1.8556 MAE=0.9615
[133/864] RUN: aurora__C2_empty__seed2021__Security__h6
    -> OK (7.5s) MSE=67.4674 MAE=3.8812
[134/864] RUN: aurora__C2_empty__seed2021__Security__h8
    -> OK (7.6s) MSE=70.9818 MAE=4.0348
[135/864] RUN: aurora__C2_empty__seed2021__Security__h10
    -> OK (7.2s) MSE=74.3270 MAE=4.1442
[136/864] RUN: aurora__C2_empty__seed2021__Security__h12
    -> OK (7.1s) MSE=77.9731 MAE=4.2641
[137/864] RUN: aurora__C2_empty__seed2021__SocialGood__h6
    -> OK (8.7s) MSE=0.7069 MAE=0.4447
[138/864] RUN: aurora__C2_empty__seed2021__SocialGood__h8
    -> OK (8.7s) MSE=0.7991 MAE=0.4939
[139/864] RUN: aurora__C2_empty__seed2021__SocialGood__h10
    -> OK (8.6s) MSE=0.8848 MAE=0.5426
[140/864] RUN: aurora__C2_empty__seed2021__SocialGood__h12
    -> OK (8.8s) MSE=0.9475 MAE=0.5836
[141/864] RUN: aurora__C2_empty__seed2021__Traffic__h6
    -> OK (8.1s) MSE=0.1534 MAE=0.2835
[142/864] RUN: aurora__C2_empty__seed2021__Traffic__h8
    -> OK (7.7s) MSE=0.1576 MAE=0.2847
[143/864] RUN: aurora__C2_empty__seed2021__Traffic__h10
    -> OK (7.8s) MSE=0.1625 MAE=0.2877
[144/864] RUN: aurora__C2_empty__seed2021__Traffic__h12
    -> OK (7.6s) MSE=0.1685 MAE=0.2943
[145/864] RUN: aurora__C2_empty__seed2022__Agriculture__h6
    -> OK (7.7s) MSE=0.1825 MAE=0.2987
[146/864] RUN: aurora__C2_empty__seed2022__Agriculture__h8
    -> OK (7.6s) MSE=0.2411 MAE=0.3340
[147/864] RUN: aurora__C2_empty__seed2022__Agriculture__h10
    -> OK (7.7s) MSE=0.3082 MAE=0.3720
[148/864] RUN: aurora__C2_empty__seed2022__Agriculture__h12
    -> OK (7.8s) MSE=0.3736 MAE=0.4006
[149/864] RUN: aurora__C2_empty__seed2022__Climate__h6
    -> OK (8.0s) MSE=0.8544 MAE=0.7454
[150/864] RUN: aurora__C2_empty__seed2022__Climate__h8
    -> OK (7.4s) MSE=0.8607 MAE=0.7460
[151/864] RUN: aurora__C2_empty__seed2022__Climate__h10
    -> OK (7.5s) MSE=0.8657 MAE=0.7461
[152/864] RUN: aurora__C2_empty__seed2022__Climate__h12
    -> OK (7.5s) MSE=0.8731 MAE=0.7508
[153/864] RUN: aurora__C2_empty__seed2022__Economy__h6
    -> OK (7.3s) MSE=0.0368 MAE=0.1535
[154/864] RUN: aurora__C2_empty__seed2022__Economy__h8
    -> OK (7.5s) MSE=0.0329 MAE=0.1441
[155/864] RUN: aurora__C2_empty__seed2022__Economy__h10
    -> OK (7.9s) MSE=0.0300 MAE=0.1384
[156/864] RUN: aurora__C2_empty__seed2022__Economy__h12
    -> OK (7.4s) MSE=0.0317 MAE=0.1436
[157/864] RUN: aurora__C2_empty__seed2022__Energy__h12
    -> OK (10.2s) MSE=0.1169 MAE=0.2520
[158/864] RUN: aurora__C2_empty__seed2022__Energy__h24
    -> OK (10.0s) MSE=0.2255 MAE=0.3523
[159/864] RUN: aurora__C2_empty__seed2022__Energy__h36
    -> OK (10.2s) MSE=0.2932 MAE=0.4079
[160/864] RUN: aurora__C2_empty__seed2022__Energy__h48
    -> OK (9.6s) MSE=0.3882 MAE=0.4743
[161/864] RUN: aurora__C2_empty__seed2022__Environment__h48
    -> OK (44.8s) MSE=0.2804 MAE=0.3794
[162/864] RUN: aurora__C2_empty__seed2022__Environment__h96
    -> OK (50.0s) MSE=0.2844 MAE=0.3817
[163/864] RUN: aurora__C2_empty__seed2022__Environment__h192
    -> OK (60.1s) MSE=0.2702 MAE=0.3751
[164/864] RUN: aurora__C2_empty__seed2022__Environment__h336
    -> OK (74.8s) MSE=0.2689 MAE=0.3769
[165/864] RUN: aurora__C2_empty__seed2022__Health__h12
    -> OK (10.2s) MSE=1.0965 MAE=0.6691
[166/864] RUN: aurora__C2_empty__seed2022__Health__h24
    -> OK (9.6s) MSE=1.5696 MAE=0.8448
[167/864] RUN: aurora__C2_empty__seed2022__Health__h36
    -> OK (9.6s) MSE=1.6834 MAE=0.9173
[168/864] RUN: aurora__C2_empty__seed2022__Health__h48
    -> OK (9.8s) MSE=1.8519 MAE=0.9609
[169/864] RUN: aurora__C2_empty__seed2022__Security__h6
    -> OK (7.2s) MSE=67.2781 MAE=3.9086
[170/864] RUN: aurora__C2_empty__seed2022__Security__h8
    -> OK (7.3s) MSE=70.3922 MAE=4.0126
[171/864] RUN: aurora__C2_empty__seed2022__Security__h10
    -> OK (7.1s) MSE=76.1064 MAE=4.2472
[172/864] RUN: aurora__C2_empty__seed2022__Security__h12
    -> OK (7.1s) MSE=77.7234 MAE=4.2652
[173/864] RUN: aurora__C2_empty__seed2022__SocialGood__h6
    -> OK (8.7s) MSE=0.7038 MAE=0.4407
[174/864] RUN: aurora__C2_empty__seed2022__SocialGood__h8
    -> OK (9.1s) MSE=0.8029 MAE=0.4896
[175/864] RUN: aurora__C2_empty__seed2022__SocialGood__h10
    -> OK (8.4s) MSE=0.8805 MAE=0.5388
[176/864] RUN: aurora__C2_empty__seed2022__SocialGood__h12
    -> OK (8.6s) MSE=0.9507 MAE=0.5825
[177/864] RUN: aurora__C2_empty__seed2022__Traffic__h6
    -> OK (7.7s) MSE=0.1542 MAE=0.2849
[178/864] RUN: aurora__C2_empty__seed2022__Traffic__h8
    -> OK (7.7s) MSE=0.1590 MAE=0.2865
[179/864] RUN: aurora__C2_empty__seed2022__Traffic__h10
    -> OK (7.6s) MSE=0.1635 MAE=0.2893
[180/864] RUN: aurora__C2_empty__seed2022__Traffic__h12
    -> OK (7.7s) MSE=0.1679 MAE=0.2938
[181/864] RUN: aurora__C2_empty__seed2023__Agriculture__h6
    -> OK (7.6s) MSE=0.1778 MAE=0.2933
[182/864] RUN: aurora__C2_empty__seed2023__Agriculture__h8
    -> OK (8.0s) MSE=0.2391 MAE=0.3316
[183/864] RUN: aurora__C2_empty__seed2023__Agriculture__h10
    -> OK (7.5s) MSE=0.3153 MAE=0.3761
[184/864] RUN: aurora__C2_empty__seed2023__Agriculture__h12
    -> OK (7.6s) MSE=0.3640 MAE=0.3998
[185/864] RUN: aurora__C2_empty__seed2023__Climate__h6
    -> OK (7.5s) MSE=0.8636 MAE=0.7482
[186/864] RUN: aurora__C2_empty__seed2023__Climate__h8
    -> OK (7.7s) MSE=0.8647 MAE=0.7474
[187/864] RUN: aurora__C2_empty__seed2023__Climate__h10
    -> OK (8.0s) MSE=0.8640 MAE=0.7470
[188/864] RUN: aurora__C2_empty__seed2023__Climate__h12
    -> OK (7.7s) MSE=0.8728 MAE=0.7510
[189/864] RUN: aurora__C2_empty__seed2023__Economy__h6
    -> OK (7.4s) MSE=0.0334 MAE=0.1479
[190/864] RUN: aurora__C2_empty__seed2023__Economy__h8
    -> OK (7.4s) MSE=0.0310 MAE=0.1411
[191/864] RUN: aurora__C2_empty__seed2023__Economy__h10
    -> OK (7.5s) MSE=0.0292 MAE=0.1364
[192/864] RUN: aurora__C2_empty__seed2023__Economy__h12
    -> OK (7.4s) MSE=0.0320 MAE=0.1428
[193/864] RUN: aurora__C2_empty__seed2023__Energy__h12
    -> OK (10.2s) MSE=0.1194 MAE=0.2553
[194/864] RUN: aurora__C2_empty__seed2023__Energy__h24
    -> OK (9.9s) MSE=0.2278 MAE=0.3543
[195/864] RUN: aurora__C2_empty__seed2023__Energy__h36
    -> OK (10.2s) MSE=0.2935 MAE=0.4079
[196/864] RUN: aurora__C2_empty__seed2023__Energy__h48
    -> OK (9.6s) MSE=0.3851 MAE=0.4723
[197/864] RUN: aurora__C2_empty__seed2023__Environment__h48
    -> OK (44.6s) MSE=0.2805 MAE=0.3796
[198/864] RUN: aurora__C2_empty__seed2023__Environment__h96
    -> OK (51.6s) MSE=0.2842 MAE=0.3816
[199/864] RUN: aurora__C2_empty__seed2023__Environment__h192
    -> OK (60.3s) MSE=0.2702 MAE=0.3752
[200/864] RUN: aurora__C2_empty__seed2023__Environment__h336
    -> OK (74.9s) MSE=0.2689 MAE=0.3769
[201/864] RUN: aurora__C2_empty__seed2023__Health__h12
    -> OK (10.0s) MSE=1.0933 MAE=0.6683
[202/864] RUN: aurora__C2_empty__seed2023__Health__h24
    -> OK (9.7s) MSE=1.5687 MAE=0.8473
[203/864] RUN: aurora__C2_empty__seed2023__Health__h36
    -> OK (10.0s) MSE=1.6932 MAE=0.9197
[204/864] RUN: aurora__C2_empty__seed2023__Health__h48
    -> OK (9.4s) MSE=1.8575 MAE=0.9607
[205/864] RUN: aurora__C2_empty__seed2023__Security__h6
    -> OK (7.3s) MSE=67.4346 MAE=3.9009
[206/864] RUN: aurora__C2_empty__seed2023__Security__h8
    -> OK (7.2s) MSE=70.9427 MAE=4.0364
[207/864] RUN: aurora__C2_empty__seed2023__Security__h10
    -> OK (7.1s) MSE=74.5074 MAE=4.1674
[208/864] RUN: aurora__C2_empty__seed2023__Security__h12
    -> OK (7.1s) MSE=77.7780 MAE=4.2423
[209/864] RUN: aurora__C2_empty__seed2023__SocialGood__h6
    -> OK (8.6s) MSE=0.7028 MAE=0.4410
[210/864] RUN: aurora__C2_empty__seed2023__SocialGood__h8
    -> OK (8.7s) MSE=0.8082 MAE=0.4963
[211/864] RUN: aurora__C2_empty__seed2023__SocialGood__h10
    -> OK (8.9s) MSE=0.8840 MAE=0.5432
[212/864] RUN: aurora__C2_empty__seed2023__SocialGood__h12
    -> OK (8.6s) MSE=0.9562 MAE=0.5818
[213/864] RUN: aurora__C2_empty__seed2023__Traffic__h6
    -> OK (7.7s) MSE=0.1548 MAE=0.2845
[214/864] RUN: aurora__C2_empty__seed2023__Traffic__h8
    -> OK (7.7s) MSE=0.1581 MAE=0.2858
[215/864] RUN: aurora__C2_empty__seed2023__Traffic__h10
    -> OK (7.7s) MSE=0.1617 MAE=0.2878
[216/864] RUN: aurora__C2_empty__seed2023__Traffic__h12
    -> OK (7.5s) MSE=0.1683 MAE=0.2940
[217/864] RUN: aurora__C3_shuffled__seed2021__Agriculture__h6
    -> OK (7.7s) MSE=0.1836 MAE=0.2947
[218/864] RUN: aurora__C3_shuffled__seed2021__Agriculture__h8
    -> OK (7.8s) MSE=0.2372 MAE=0.3292
[219/864] RUN: aurora__C3_shuffled__seed2021__Agriculture__h10
    -> OK (8.1s) MSE=0.2995 MAE=0.3636
[220/864] RUN: aurora__C3_shuffled__seed2021__Agriculture__h12
    -> OK (7.6s) MSE=0.3788 MAE=0.4043
[221/864] RUN: aurora__C3_shuffled__seed2021__Climate__h6
    -> OK (7.8s) MSE=0.8564 MAE=0.7447
[222/864] RUN: aurora__C3_shuffled__seed2021__Climate__h8
    -> OK (7.6s) MSE=0.8636 MAE=0.7479
[223/864] RUN: aurora__C3_shuffled__seed2021__Climate__h10
    -> OK (7.7s) MSE=0.8659 MAE=0.7481
[224/864] RUN: aurora__C3_shuffled__seed2021__Climate__h12
    -> OK (7.5s) MSE=0.8743 MAE=0.7508
[225/864] RUN: aurora__C3_shuffled__seed2021__Economy__h6
    -> OK (7.6s) MSE=0.0357 MAE=0.1520
[226/864] RUN: aurora__C3_shuffled__seed2021__Economy__h8
    -> OK (7.7s) MSE=0.0348 MAE=0.1502
[227/864] RUN: aurora__C3_shuffled__seed2021__Economy__h10
    -> OK (8.0s) MSE=0.0325 MAE=0.1451
[228/864] RUN: aurora__C3_shuffled__seed2021__Economy__h12
    -> OK (7.4s) MSE=0.0324 MAE=0.1460
[229/864] RUN: aurora__C3_shuffled__seed2021__Energy__h12
    -> OK (10.1s) MSE=0.1182 MAE=0.2533
[230/864] RUN: aurora__C3_shuffled__seed2021__Energy__h24
    -> OK (10.1s) MSE=0.2238 MAE=0.3513
[231/864] RUN: aurora__C3_shuffled__seed2021__Energy__h36
    -> OK (10.4s) MSE=0.2912 MAE=0.4072
[232/864] RUN: aurora__C3_shuffled__seed2021__Energy__h48
    -> OK (9.8s) MSE=0.3829 MAE=0.4721
[233/864] RUN: aurora__C3_shuffled__seed2021__Environment__h48
    -> OK (45.7s) MSE=0.2803 MAE=0.3797
[234/864] RUN: aurora__C3_shuffled__seed2021__Environment__h96
    -> OK (51.2s) MSE=0.2844 MAE=0.3820
[235/864] RUN: aurora__C3_shuffled__seed2021__Environment__h192
    -> OK (61.6s) MSE=0.2703 MAE=0.3755
[236/864] RUN: aurora__C3_shuffled__seed2021__Environment__h336
    -> OK (73.9s) MSE=0.2690 MAE=0.3774
[237/864] RUN: aurora__C3_shuffled__seed2021__Health__h12
    -> OK (10.0s) MSE=1.0891 MAE=0.6670
[238/864] RUN: aurora__C3_shuffled__seed2021__Health__h24
    -> OK (10.0s) MSE=1.5677 MAE=0.8453
[239/864] RUN: aurora__C3_shuffled__seed2021__Health__h36
    -> OK (10.1s) MSE=1.6892 MAE=0.9190
[240/864] RUN: aurora__C3_shuffled__seed2021__Health__h48
    -> OK (9.6s) MSE=1.8602 MAE=0.9626
[241/864] RUN: aurora__C3_shuffled__seed2021__Security__h6
    -> OK (7.2s) MSE=67.4831 MAE=3.8817
[242/864] RUN: aurora__C3_shuffled__seed2021__Security__h8
    -> OK (7.4s) MSE=70.9813 MAE=4.0343
[243/864] RUN: aurora__C3_shuffled__seed2021__Security__h10
    -> OK (7.3s) MSE=74.2989 MAE=4.1402
[244/864] RUN: aurora__C3_shuffled__seed2021__Security__h12
    -> OK (7.5s) MSE=77.9268 MAE=4.2607
[245/864] RUN: aurora__C3_shuffled__seed2021__SocialGood__h6
    -> OK (8.9s) MSE=0.7059 MAE=0.4443
[246/864] RUN: aurora__C3_shuffled__seed2021__SocialGood__h8
    -> OK (9.0s) MSE=0.7988 MAE=0.4936
[247/864] RUN: aurora__C3_shuffled__seed2021__SocialGood__h10
    -> OK (9.0s) MSE=0.8849 MAE=0.5425
[248/864] RUN: aurora__C3_shuffled__seed2021__SocialGood__h12
    -> OK (8.8s) MSE=0.9480 MAE=0.5838
[249/864] RUN: aurora__C3_shuffled__seed2021__Traffic__h6
    -> OK (8.0s) MSE=0.1540 MAE=0.2845
[250/864] RUN: aurora__C3_shuffled__seed2021__Traffic__h8
    -> OK (7.8s) MSE=0.1581 MAE=0.2857
[251/864] RUN: aurora__C3_shuffled__seed2021__Traffic__h10
    -> OK (8.0s) MSE=0.1629 MAE=0.2885
[252/864] RUN: aurora__C3_shuffled__seed2021__Traffic__h12
    -> OK (8.3s) MSE=0.1689 MAE=0.2950
[253/864] RUN: aurora__C3_shuffled__seed2022__Agriculture__h6
    -> OK (7.6s) MSE=0.1828 MAE=0.2978
[254/864] RUN: aurora__C3_shuffled__seed2022__Agriculture__h8
    -> OK (7.6s) MSE=0.2415 MAE=0.3331
[255/864] RUN: aurora__C3_shuffled__seed2022__Agriculture__h10
    -> OK (7.6s) MSE=0.3082 MAE=0.3712
[256/864] RUN: aurora__C3_shuffled__seed2022__Agriculture__h12
    -> OK (7.5s) MSE=0.3735 MAE=0.3995
[257/864] RUN: aurora__C3_shuffled__seed2022__Climate__h6
    -> OK (7.7s) MSE=0.8543 MAE=0.7454
[258/864] RUN: aurora__C3_shuffled__seed2022__Climate__h8
    -> OK (7.6s) MSE=0.8607 MAE=0.7460
[259/864] RUN: aurora__C3_shuffled__seed2022__Climate__h10
    -> OK (7.7s) MSE=0.8657 MAE=0.7461
[260/864] RUN: aurora__C3_shuffled__seed2022__Climate__h12
    -> OK (7.9s) MSE=0.8731 MAE=0.7508
[261/864] RUN: aurora__C3_shuffled__seed2022__Economy__h6
    -> OK (7.5s) MSE=0.0395 MAE=0.1601
[262/864] RUN: aurora__C3_shuffled__seed2022__Economy__h8
    -> OK (7.5s) MSE=0.0351 MAE=0.1498
[263/864] RUN: aurora__C3_shuffled__seed2022__Economy__h10
    -> OK (7.5s) MSE=0.0322 MAE=0.1439
[264/864] RUN: aurora__C3_shuffled__seed2022__Economy__h12
    -> OK (7.4s) MSE=0.0333 MAE=0.1478
[265/864] RUN: aurora__C3_shuffled__seed2022__Energy__h12
    -> OK (10.2s) MSE=0.1184 MAE=0.2545
[266/864] RUN: aurora__C3_shuffled__seed2022__Energy__h24
    -> OK (10.1s) MSE=0.2250 MAE=0.3534
[267/864] RUN: aurora__C3_shuffled__seed2022__Energy__h36
    -> OK (9.9s) MSE=0.2916 MAE=0.4088
[268/864] RUN: aurora__C3_shuffled__seed2022__Energy__h48
    -> OK (9.6s) MSE=0.3859 MAE=0.4741
[269/864] RUN: aurora__C3_shuffled__seed2022__Environment__h48
    -> OK (44.7s) MSE=0.2805 MAE=0.3798
[270/864] RUN: aurora__C3_shuffled__seed2022__Environment__h96
    -> OK (51.4s) MSE=0.2845 MAE=0.3821
[271/864] RUN: aurora__C3_shuffled__seed2022__Environment__h192
    -> OK (60.5s) MSE=0.2703 MAE=0.3755
[272/864] RUN: aurora__C3_shuffled__seed2022__Environment__h336
    -> OK (74.3s) MSE=0.2691 MAE=0.3774
[273/864] RUN: aurora__C3_shuffled__seed2022__Health__h12
    -> OK (10.1s) MSE=1.0953 MAE=0.6686
[274/864] RUN: aurora__C3_shuffled__seed2022__Health__h24
    -> OK (9.9s) MSE=1.5691 MAE=0.8450
[275/864] RUN: aurora__C3_shuffled__seed2022__Health__h36
    -> OK (9.7s) MSE=1.6850 MAE=0.9179
[276/864] RUN: aurora__C3_shuffled__seed2022__Health__h48
    -> OK (10.0s) MSE=1.8536 MAE=0.9614
[277/864] RUN: aurora__C3_shuffled__seed2022__Security__h6
    -> OK (7.2s) MSE=67.2930 MAE=3.9094
[278/864] RUN: aurora__C3_shuffled__seed2022__Security__h8
    -> OK (7.2s) MSE=70.3873 MAE=4.0103
[279/864] RUN: aurora__C3_shuffled__seed2022__Security__h10
    -> OK (7.2s) MSE=76.0638 MAE=4.2461
[280/864] RUN: aurora__C3_shuffled__seed2022__Security__h12
    -> OK (7.1s) MSE=77.6746 MAE=4.2606
[281/864] RUN: aurora__C3_shuffled__seed2022__SocialGood__h6
    -> OK (9.0s) MSE=0.7016 MAE=0.4400
[282/864] RUN: aurora__C3_shuffled__seed2022__SocialGood__h8
    -> OK (9.0s) MSE=0.8011 MAE=0.4891
[283/864] RUN: aurora__C3_shuffled__seed2022__SocialGood__h10
    -> OK (8.9s) MSE=0.8794 MAE=0.5387
[284/864] RUN: aurora__C3_shuffled__seed2022__SocialGood__h12
    -> OK (8.9s) MSE=0.9501 MAE=0.5825
[285/864] RUN: aurora__C3_shuffled__seed2022__Traffic__h6
    -> OK (8.0s) MSE=0.1553 MAE=0.2868
[286/864] RUN: aurora__C3_shuffled__seed2022__Traffic__h8
    -> OK (8.0s) MSE=0.1600 MAE=0.2882
[287/864] RUN: aurora__C3_shuffled__seed2022__Traffic__h10
    -> OK (8.0s) MSE=0.1643 MAE=0.2907
[288/864] RUN: aurora__C3_shuffled__seed2022__Traffic__h12
    -> OK (7.9s) MSE=0.1686 MAE=0.2951
[289/864] RUN: aurora__C3_shuffled__seed2023__Agriculture__h6
    -> OK (7.9s) MSE=0.1777 MAE=0.2932
[290/864] RUN: aurora__C3_shuffled__seed2023__Agriculture__h8
    -> OK (7.8s) MSE=0.2389 MAE=0.3309
[291/864] RUN: aurora__C3_shuffled__seed2023__Agriculture__h10
    -> OK (7.8s) MSE=0.3151 MAE=0.3750
[292/864] RUN: aurora__C3_shuffled__seed2023__Agriculture__h12
    -> OK (7.6s) MSE=0.3641 MAE=0.3991
[293/864] RUN: aurora__C3_shuffled__seed2023__Climate__h6
    -> OK (7.8s) MSE=0.8635 MAE=0.7482
[294/864] RUN: aurora__C3_shuffled__seed2023__Climate__h8
    -> OK (7.9s) MSE=0.8647 MAE=0.7474
[295/864] RUN: aurora__C3_shuffled__seed2023__Climate__h10
    -> OK (7.9s) MSE=0.8639 MAE=0.7470
[296/864] RUN: aurora__C3_shuffled__seed2023__Climate__h12
    -> OK (7.7s) MSE=0.8727 MAE=0.7511
[297/864] RUN: aurora__C3_shuffled__seed2023__Economy__h6
    -> OK (7.6s) MSE=0.0354 MAE=0.1536
[298/864] RUN: aurora__C3_shuffled__seed2023__Economy__h8
    -> OK (7.6s) MSE=0.0329 MAE=0.1458
[299/864] RUN: aurora__C3_shuffled__seed2023__Economy__h10
    -> OK (7.7s) MSE=0.0306 MAE=0.1404
[300/864] RUN: aurora__C3_shuffled__seed2023__Economy__h12
    -> OK (7.6s) MSE=0.0332 MAE=0.1461
[301/864] RUN: aurora__C3_shuffled__seed2023__Energy__h12
    -> OK (10.2s) MSE=0.1211 MAE=0.2583
[302/864] RUN: aurora__C3_shuffled__seed2023__Energy__h24
    -> OK (10.2s) MSE=0.2268 MAE=0.3554
[303/864] RUN: aurora__C3_shuffled__seed2023__Energy__h36
    -> OK (10.1s) MSE=0.2912 MAE=0.4085
[304/864] RUN: aurora__C3_shuffled__seed2023__Energy__h48
    -> OK (9.8s) MSE=0.3820 MAE=0.4716
[305/864] RUN: aurora__C3_shuffled__seed2023__Environment__h48
    -> OK (45.2s) MSE=0.2806 MAE=0.3800
[306/864] RUN: aurora__C3_shuffled__seed2023__Environment__h96
    -> OK (50.7s) MSE=0.2844 MAE=0.3820
[307/864] RUN: aurora__C3_shuffled__seed2023__Environment__h192
    -> OK (61.7s) MSE=0.2703 MAE=0.3755
[308/864] RUN: aurora__C3_shuffled__seed2023__Environment__h336
    -> OK (74.2s) MSE=0.2691 MAE=0.3774
[309/864] RUN: aurora__C3_shuffled__seed2023__Health__h12
    -> OK (10.4s) MSE=1.0933 MAE=0.6678
[310/864] RUN: aurora__C3_shuffled__seed2023__Health__h24
    -> OK (10.1s) MSE=1.5693 MAE=0.8476
[311/864] RUN: aurora__C3_shuffled__seed2023__Health__h36
    -> OK (9.9s) MSE=1.6972 MAE=0.9208
[312/864] RUN: aurora__C3_shuffled__seed2023__Health__h48
    -> OK (9.7s) MSE=1.8616 MAE=0.9615
[313/864] RUN: aurora__C3_shuffled__seed2023__Security__h6
    -> OK (7.5s) MSE=67.4444 MAE=3.9029
[314/864] RUN: aurora__C3_shuffled__seed2023__Security__h8
    -> OK (7.5s) MSE=70.9432 MAE=4.0374
[315/864] RUN: aurora__C3_shuffled__seed2023__Security__h10
    -> OK (7.3s) MSE=74.4759 MAE=4.1659
[316/864] RUN: aurora__C3_shuffled__seed2023__Security__h12
    -> OK (7.3s) MSE=77.7251 MAE=4.2386
[317/864] RUN: aurora__C3_shuffled__seed2023__SocialGood__h6
    -> OK (9.1s) MSE=0.7027 MAE=0.4407
[318/864] RUN: aurora__C3_shuffled__seed2023__SocialGood__h8
    -> OK (9.2s) MSE=0.8086 MAE=0.4964
[319/864] RUN: aurora__C3_shuffled__seed2023__SocialGood__h10
    -> OK (9.1s) MSE=0.8844 MAE=0.5433
[320/864] RUN: aurora__C3_shuffled__seed2023__SocialGood__h12
    -> OK (9.0s) MSE=0.9570 MAE=0.5821
[321/864] RUN: aurora__C3_shuffled__seed2023__Traffic__h6
    -> OK (8.0s) MSE=0.1554 MAE=0.2858
[322/864] RUN: aurora__C3_shuffled__seed2023__Traffic__h8
    -> OK (8.3s) MSE=0.1588 MAE=0.2870
[323/864] RUN: aurora__C3_shuffled__seed2023__Traffic__h10
    -> OK (7.8s) MSE=0.1623 MAE=0.2889
[324/864] RUN: aurora__C3_shuffled__seed2023__Traffic__h12
    -> OK (7.9s) MSE=0.1687 MAE=0.2949
[325/864] RUN: aurora__C4_crossdomain__seed2021__Agriculture__h6
    -> OK (7.9s) MSE=0.1846 MAE=0.2963
[326/864] RUN: aurora__C4_crossdomain__seed2021__Agriculture__h8
    -> OK (7.9s) MSE=0.2381 MAE=0.3302
[327/864] RUN: aurora__C4_crossdomain__seed2021__Agriculture__h10
    -> OK (7.8s) MSE=0.2999 MAE=0.3641
[328/864] RUN: aurora__C4_crossdomain__seed2021__Agriculture__h12
    -> OK (7.8s) MSE=0.3795 MAE=0.4050
[329/864] RUN: aurora__C4_crossdomain__seed2021__Climate__h6
    -> OK (7.8s) MSE=0.8562 MAE=0.7447
[330/864] RUN: aurora__C4_crossdomain__seed2021__Climate__h8
    -> OK (7.6s) MSE=0.8635 MAE=0.7479
[331/864] RUN: aurora__C4_crossdomain__seed2021__Climate__h10
    -> OK (7.7s) MSE=0.8660 MAE=0.7481
[332/864] RUN: aurora__C4_crossdomain__seed2021__Climate__h12
    -> OK (7.7s) MSE=0.8745 MAE=0.7509
[333/864] RUN: aurora__C4_crossdomain__seed2021__Economy__h6
    -> OK (7.6s) MSE=0.0351 MAE=0.1510
[334/864] RUN: aurora__C4_crossdomain__seed2021__Economy__h8
    -> OK (7.6s) MSE=0.0342 MAE=0.1494
[335/864] RUN: aurora__C4_crossdomain__seed2021__Economy__h10
    -> OK (7.5s) MSE=0.0321 MAE=0.1444
[336/864] RUN: aurora__C4_crossdomain__seed2021__Economy__h12
    -> OK (7.4s) MSE=0.0319 MAE=0.1450
[337/864] RUN: aurora__C4_crossdomain__seed2021__Energy__h12
    -> OK (10.7s) MSE=0.1173 MAE=0.2523
[338/864] RUN: aurora__C4_crossdomain__seed2021__Energy__h24
    -> OK (10.8s) MSE=0.2238 MAE=0.3506
[339/864] RUN: aurora__C4_crossdomain__seed2021__Energy__h36
    -> OK (10.4s) MSE=0.2910 MAE=0.4059
[340/864] RUN: aurora__C4_crossdomain__seed2021__Energy__h48
    -> OK (10.2s) MSE=0.3837 MAE=0.4720
[341/864] RUN: aurora__C4_crossdomain__seed2021__Environment__h48
    -> OK (45.3s) MSE=0.2803 MAE=0.3797
[342/864] RUN: aurora__C4_crossdomain__seed2021__Environment__h96
    -> OK (50.2s) MSE=0.2844 MAE=0.3820
[343/864] RUN: aurora__C4_crossdomain__seed2021__Environment__h192
    -> OK (60.9s) MSE=0.2702 MAE=0.3755
[344/864] RUN: aurora__C4_crossdomain__seed2021__Environment__h336
    -> OK (74.7s) MSE=0.2690 MAE=0.3774
[345/864] RUN: aurora__C4_crossdomain__seed2021__Health__h12
    -> OK (10.8s) MSE=1.0894 MAE=0.6671
[346/864] RUN: aurora__C4_crossdomain__seed2021__Health__h24
    -> OK (10.3s) MSE=1.5673 MAE=0.8450
[347/864] RUN: aurora__C4_crossdomain__seed2021__Health__h36
    -> OK (10.1s) MSE=1.6873 MAE=0.9184
[348/864] RUN: aurora__C4_crossdomain__seed2021__Health__h48
    -> OK (10.2s) MSE=1.8571 MAE=0.9616
[349/864] RUN: aurora__C4_crossdomain__seed2021__Security__h6
    -> OK (7.3s) MSE=67.4999 MAE=3.8824
[350/864] RUN: aurora__C4_crossdomain__seed2021__Security__h8
    -> OK (7.2s) MSE=70.9773 MAE=4.0356
[351/864] RUN: aurora__C4_crossdomain__seed2021__Security__h10
    -> OK (7.3s) MSE=74.2631 MAE=4.1382
[352/864] RUN: aurora__C4_crossdomain__seed2021__Security__h12
    -> OK (7.4s) MSE=77.8924 MAE=4.2594
[353/864] RUN: aurora__C4_crossdomain__seed2021__SocialGood__h6
    -> OK (9.2s) MSE=0.7093 MAE=0.4448
[354/864] RUN: aurora__C4_crossdomain__seed2021__SocialGood__h8
    -> OK (9.0s) MSE=0.8020 MAE=0.4943
[355/864] RUN: aurora__C4_crossdomain__seed2021__SocialGood__h10
    -> OK (9.0s) MSE=0.8880 MAE=0.5433
[356/864] RUN: aurora__C4_crossdomain__seed2021__SocialGood__h12
    -> OK (9.0s) MSE=0.9508 MAE=0.5846
[357/864] RUN: aurora__C4_crossdomain__seed2021__Traffic__h6
    -> OK (8.4s) MSE=0.1532 MAE=0.2835
[358/864] RUN: aurora__C4_crossdomain__seed2021__Traffic__h8
    -> OK (8.2s) MSE=0.1575 MAE=0.2847
[359/864] RUN: aurora__C4_crossdomain__seed2021__Traffic__h10
    -> OK (8.1s) MSE=0.1624 MAE=0.2877
[360/864] RUN: aurora__C4_crossdomain__seed2021__Traffic__h12
    -> OK (8.1s) MSE=0.1685 MAE=0.2943
[361/864] RUN: aurora__C4_crossdomain__seed2022__Agriculture__h6
    -> OK (8.0s) MSE=0.1824 MAE=0.2975
[362/864] RUN: aurora__C4_crossdomain__seed2022__Agriculture__h8
    -> OK (7.9s) MSE=0.2412 MAE=0.3331
[363/864] RUN: aurora__C4_crossdomain__seed2022__Agriculture__h10
    -> OK (8.0s) MSE=0.3080 MAE=0.3710
[364/864] RUN: aurora__C4_crossdomain__seed2022__Agriculture__h12
    -> OK (8.0s) MSE=0.3739 MAE=0.4001
[365/864] RUN: aurora__C4_crossdomain__seed2022__Climate__h6
    -> OK (7.7s) MSE=0.8542 MAE=0.7454
[366/864] RUN: aurora__C4_crossdomain__seed2022__Climate__h8
    -> OK (7.8s) MSE=0.8607 MAE=0.7461
[367/864] RUN: aurora__C4_crossdomain__seed2022__Climate__h10
    -> OK (8.1s) MSE=0.8658 MAE=0.7462
[368/864] RUN: aurora__C4_crossdomain__seed2022__Climate__h12
    -> OK (7.7s) MSE=0.8734 MAE=0.7509
[369/864] RUN: aurora__C4_crossdomain__seed2022__Economy__h6
    -> OK (7.7s) MSE=0.0385 MAE=0.1585
[370/864] RUN: aurora__C4_crossdomain__seed2022__Economy__h8
    -> OK (7.8s) MSE=0.0342 MAE=0.1482
[371/864] RUN: aurora__C4_crossdomain__seed2022__Economy__h10
    -> OK (7.4s) MSE=0.0315 MAE=0.1424
[372/864] RUN: aurora__C4_crossdomain__seed2022__Economy__h12
    -> OK (7.5s) MSE=0.0327 MAE=0.1465
[373/864] RUN: aurora__C4_crossdomain__seed2022__Energy__h12
    -> OK (11.1s) MSE=0.1172 MAE=0.2531
[374/864] RUN: aurora__C4_crossdomain__seed2022__Energy__h24
    -> OK (10.5s) MSE=0.2248 MAE=0.3522
[375/864] RUN: aurora__C4_crossdomain__seed2022__Energy__h36
    -> OK (10.4s) MSE=0.2916 MAE=0.4074
[376/864] RUN: aurora__C4_crossdomain__seed2022__Energy__h48
    -> OK (10.1s) MSE=0.3868 MAE=0.4739
[377/864] RUN: aurora__C4_crossdomain__seed2022__Environment__h48
    -> OK (46.2s) MSE=0.2805 MAE=0.3797
[378/864] RUN: aurora__C4_crossdomain__seed2022__Environment__h96
    -> OK (50.9s) MSE=0.2845 MAE=0.3820
[379/864] RUN: aurora__C4_crossdomain__seed2022__Environment__h192
    -> OK (60.9s) MSE=0.2703 MAE=0.3755
[380/864] RUN: aurora__C4_crossdomain__seed2022__Environment__h336
    -> OK (74.1s) MSE=0.2691 MAE=0.3774
[381/864] RUN: aurora__C4_crossdomain__seed2022__Health__h12
    -> OK (10.7s) MSE=1.0957 MAE=0.6686
[382/864] RUN: aurora__C4_crossdomain__seed2022__Health__h24
    -> OK (10.2s) MSE=1.5695 MAE=0.8450
[383/864] RUN: aurora__C4_crossdomain__seed2022__Health__h36
    -> OK (10.0s) MSE=1.6855 MAE=0.9178
[384/864] RUN: aurora__C4_crossdomain__seed2022__Health__h48
    -> OK (9.9s) MSE=1.8535 MAE=0.9611
[385/864] RUN: aurora__C4_crossdomain__seed2022__Security__h6
    -> OK (7.6s) MSE=67.3352 MAE=3.9138
[386/864] RUN: aurora__C4_crossdomain__seed2022__Security__h8
    -> OK (7.2s) MSE=70.3980 MAE=4.0111
[387/864] RUN: aurora__C4_crossdomain__seed2022__Security__h10
    -> OK (7.3s) MSE=76.0050 MAE=4.2448
[388/864] RUN: aurora__C4_crossdomain__seed2022__Security__h12
    -> OK (7.3s) MSE=77.6270 MAE=4.2582
[389/864] RUN: aurora__C4_crossdomain__seed2022__SocialGood__h6
    -> OK (9.2s) MSE=0.7065 MAE=0.4408
[390/864] RUN: aurora__C4_crossdomain__seed2022__SocialGood__h8
    -> OK (9.1s) MSE=0.8058 MAE=0.4900
[391/864] RUN: aurora__C4_crossdomain__seed2022__SocialGood__h10
    -> OK (9.1s) MSE=0.8835 MAE=0.5394
[392/864] RUN: aurora__C4_crossdomain__seed2022__SocialGood__h12
    -> OK (9.2s) MSE=0.9540 MAE=0.5835
[393/864] RUN: aurora__C4_crossdomain__seed2022__Traffic__h6
    -> OK (8.1s) MSE=0.1541 MAE=0.2849
[394/864] RUN: aurora__C4_crossdomain__seed2022__Traffic__h8
    -> OK (8.1s) MSE=0.1589 MAE=0.2865
[395/864] RUN: aurora__C4_crossdomain__seed2022__Traffic__h10
    -> OK (8.1s) MSE=0.1635 MAE=0.2894
[396/864] RUN: aurora__C4_crossdomain__seed2022__Traffic__h12
    -> OK (8.2s) MSE=0.1679 MAE=0.2938
[397/864] RUN: aurora__C4_crossdomain__seed2023__Agriculture__h6
    -> OK (8.2s) MSE=0.1777 MAE=0.2927
[398/864] RUN: aurora__C4_crossdomain__seed2023__Agriculture__h8
    -> OK (7.8s) MSE=0.2391 MAE=0.3310
[399/864] RUN: aurora__C4_crossdomain__seed2023__Agriculture__h10
    -> OK (7.8s) MSE=0.3153 MAE=0.3752
[400/864] RUN: aurora__C4_crossdomain__seed2023__Agriculture__h12
    -> OK (7.8s) MSE=0.3642 MAE=0.3991
[401/864] RUN: aurora__C4_crossdomain__seed2023__Climate__h6
    -> OK (7.7s) MSE=0.8634 MAE=0.7482
[402/864] RUN: aurora__C4_crossdomain__seed2023__Climate__h8
    -> OK (7.7s) MSE=0.8648 MAE=0.7475
[403/864] RUN: aurora__C4_crossdomain__seed2023__Climate__h10
    -> OK (7.8s) MSE=0.8641 MAE=0.7472
[404/864] RUN: aurora__C4_crossdomain__seed2023__Climate__h12
    -> OK (7.9s) MSE=0.8730 MAE=0.7512
[405/864] RUN: aurora__C4_crossdomain__seed2023__Economy__h6
    -> OK (7.4s) MSE=0.0353 MAE=0.1536
[406/864] RUN: aurora__C4_crossdomain__seed2023__Economy__h8
    -> OK (7.4s) MSE=0.0327 MAE=0.1456
[407/864] RUN: aurora__C4_crossdomain__seed2023__Economy__h10
    -> OK (7.3s) MSE=0.0306 MAE=0.1404
[408/864] RUN: aurora__C4_crossdomain__seed2023__Economy__h12
    -> OK (7.2s) MSE=0.0331 MAE=0.1459
[409/864] RUN: aurora__C4_crossdomain__seed2023__Energy__h12
    -> OK (10.4s) MSE=0.1198 MAE=0.2563
[410/864] RUN: aurora__C4_crossdomain__seed2023__Energy__h24
    -> OK (10.4s) MSE=0.2270 MAE=0.3542
[411/864] RUN: aurora__C4_crossdomain__seed2023__Energy__h36
    -> OK (10.2s) MSE=0.2918 MAE=0.4074
[412/864] RUN: aurora__C4_crossdomain__seed2023__Energy__h48
    -> OK (10.0s) MSE=0.3837 MAE=0.4718
[413/864] RUN: aurora__C4_crossdomain__seed2023__Environment__h48
    -> OK (45.0s) MSE=0.2806 MAE=0.3800
[414/864] RUN: aurora__C4_crossdomain__seed2023__Environment__h96
    -> OK (51.3s) MSE=0.2844 MAE=0.3820
[415/864] RUN: aurora__C4_crossdomain__seed2023__Environment__h192
    -> OK (60.6s) MSE=0.2703 MAE=0.3755
[416/864] RUN: aurora__C4_crossdomain__seed2023__Environment__h336
    -> OK (74.2s) MSE=0.2690 MAE=0.3774
[417/864] RUN: aurora__C4_crossdomain__seed2023__Health__h12
    -> OK (10.3s) MSE=1.0928 MAE=0.6679
[418/864] RUN: aurora__C4_crossdomain__seed2023__Health__h24
    -> OK (10.0s) MSE=1.5687 MAE=0.8475
[419/864] RUN: aurora__C4_crossdomain__seed2023__Health__h36
    -> OK (9.9s) MSE=1.6955 MAE=0.9204
[420/864] RUN: aurora__C4_crossdomain__seed2023__Health__h48
    -> OK (9.6s) MSE=1.8591 MAE=0.9609
[421/864] RUN: aurora__C4_crossdomain__seed2023__Security__h6
    -> OK (7.0s) MSE=67.4799 MAE=3.9067
[422/864] RUN: aurora__C4_crossdomain__seed2023__Security__h8
    -> OK (6.9s) MSE=70.9622 MAE=4.0393
[423/864] RUN: aurora__C4_crossdomain__seed2023__Security__h10
    -> OK (7.0s) MSE=74.4555 MAE=4.1659
[424/864] RUN: aurora__C4_crossdomain__seed2023__Security__h12
    -> OK (7.0s) MSE=77.6924 MAE=4.2374
[425/864] RUN: aurora__C4_crossdomain__seed2023__SocialGood__h6
    -> OK (8.8s) MSE=0.7050 MAE=0.4412
[426/864] RUN: aurora__C4_crossdomain__seed2023__SocialGood__h8
    -> OK (8.8s) MSE=0.8112 MAE=0.4968
[427/864] RUN: aurora__C4_crossdomain__seed2023__SocialGood__h10
    -> OK (8.8s) MSE=0.8867 MAE=0.5438
[428/864] RUN: aurora__C4_crossdomain__seed2023__SocialGood__h12
    -> OK (8.7s) MSE=0.9592 MAE=0.5825
[429/864] RUN: aurora__C4_crossdomain__seed2023__Traffic__h6
    -> OK (7.9s) MSE=0.1546 MAE=0.2845
[430/864] RUN: aurora__C4_crossdomain__seed2023__Traffic__h8
    -> OK (8.5s) MSE=0.1580 MAE=0.2858
[431/864] RUN: aurora__C4_crossdomain__seed2023__Traffic__h10
    -> OK (7.8s) MSE=0.1617 MAE=0.2879
[432/864] RUN: aurora__C4_crossdomain__seed2023__Traffic__h12
    -> OK (7.8s) MSE=0.1682 MAE=0.2940
[433/864] RUN: aurora__C5_constant__seed2021__Agriculture__h6
    -> OK (7.4s) MSE=0.1860 MAE=0.2977
[434/864] RUN: aurora__C5_constant__seed2021__Agriculture__h8
    -> OK (7.4s) MSE=0.2397 MAE=0.3311
[435/864] RUN: aurora__C5_constant__seed2021__Agriculture__h10
    -> OK (7.5s) MSE=0.3017 MAE=0.3654
[436/864] RUN: aurora__C5_constant__seed2021__Agriculture__h12
    -> OK (7.4s) MSE=0.3809 MAE=0.4057
[437/864] RUN: aurora__C5_constant__seed2021__Climate__h6
    -> OK (7.5s) MSE=0.8562 MAE=0.7448
[438/864] RUN: aurora__C5_constant__seed2021__Climate__h8
    -> OK (7.4s) MSE=0.8636 MAE=0.7479
[439/864] RUN: aurora__C5_constant__seed2021__Climate__h10
    -> OK (7.4s) MSE=0.8662 MAE=0.7482
[440/864] RUN: aurora__C5_constant__seed2021__Climate__h12
    -> OK (7.4s) MSE=0.8746 MAE=0.7510
[441/864] RUN: aurora__C5_constant__seed2021__Economy__h6
    -> OK (7.3s) MSE=0.0364 MAE=0.1542
[442/864] RUN: aurora__C5_constant__seed2021__Economy__h8
    -> OK (7.3s) MSE=0.0356 MAE=0.1521
[443/864] RUN: aurora__C5_constant__seed2021__Economy__h10
    -> OK (7.2s) MSE=0.0332 MAE=0.1468
[444/864] RUN: aurora__C5_constant__seed2021__Economy__h12
    -> OK (7.2s) MSE=0.0332 MAE=0.1477
[445/864] RUN: aurora__C5_constant__seed2021__Energy__h12
    -> OK (9.9s) MSE=0.1185 MAE=0.2542
[446/864] RUN: aurora__C5_constant__seed2021__Energy__h24
    -> OK (9.8s) MSE=0.2240 MAE=0.3524
[447/864] RUN: aurora__C5_constant__seed2021__Energy__h36
    -> OK (9.6s) MSE=0.2912 MAE=0.4087
[448/864] RUN: aurora__C5_constant__seed2021__Energy__h48
    -> OK (9.4s) MSE=0.3825 MAE=0.4730
[449/864] RUN: aurora__C5_constant__seed2021__Environment__h48
    -> OK (44.6s) MSE=0.2804 MAE=0.3801
[450/864] RUN: aurora__C5_constant__seed2021__Environment__h96
    -> OK (49.6s) MSE=0.2846 MAE=0.3824
[451/864] RUN: aurora__C5_constant__seed2021__Environment__h192
    -> OK (59.0s) MSE=0.2704 MAE=0.3759
[452/864] RUN: aurora__C5_constant__seed2021__Environment__h336
    -> OK (72.4s) MSE=0.2692 MAE=0.3779
[453/864] RUN: aurora__C5_constant__seed2021__Health__h12
    -> OK (9.7s) MSE=1.0911 MAE=0.6684
[454/864] RUN: aurora__C5_constant__seed2021__Health__h24
    -> OK (9.6s) MSE=1.5722 MAE=0.8474
[455/864] RUN: aurora__C5_constant__seed2021__Health__h36
    -> OK (9.3s) MSE=1.6974 MAE=0.9221
[456/864] RUN: aurora__C5_constant__seed2021__Health__h48
    -> OK (9.1s) MSE=1.8681 MAE=0.9648
[457/864] RUN: aurora__C5_constant__seed2021__Security__h6
    -> OK (7.0s) MSE=67.5689 MAE=3.8887
[458/864] RUN: aurora__C5_constant__seed2021__Security__h8
    -> OK (7.0s) MSE=71.0016 MAE=4.0404
[459/864] RUN: aurora__C5_constant__seed2021__Security__h10
    -> OK (7.2s) MSE=74.2629 MAE=4.1391
[460/864] RUN: aurora__C5_constant__seed2021__Security__h12
    -> OK (7.4s) MSE=77.8394 MAE=4.2576
[461/864] RUN: aurora__C5_constant__seed2021__SocialGood__h6
    -> OK (8.8s) MSE=0.7141 MAE=0.4405
[462/864] RUN: aurora__C5_constant__seed2021__SocialGood__h8
    -> OK (8.6s) MSE=0.8082 MAE=0.4902
[463/864] RUN: aurora__C5_constant__seed2021__SocialGood__h10
    -> OK (8.8s) MSE=0.8947 MAE=0.5405
[464/864] RUN: aurora__C5_constant__seed2021__SocialGood__h12
    -> OK (8.7s) MSE=0.9574 MAE=0.5832
[465/864] RUN: aurora__C5_constant__seed2021__Traffic__h6
    -> OK (7.6s) MSE=0.1558 MAE=0.2884
[466/864] RUN: aurora__C5_constant__seed2021__Traffic__h8
    -> OK (7.7s) MSE=0.1598 MAE=0.2895
[467/864] RUN: aurora__C5_constant__seed2021__Traffic__h10
    -> OK (7.6s) MSE=0.1644 MAE=0.2919
[468/864] RUN: aurora__C5_constant__seed2021__Traffic__h12
    -> OK (7.5s) MSE=0.1701 MAE=0.2977
[469/864] RUN: aurora__C5_constant__seed2022__Agriculture__h6
    -> OK (7.6s) MSE=0.1839 MAE=0.2995
[470/864] RUN: aurora__C5_constant__seed2022__Agriculture__h8
    -> OK (7.6s) MSE=0.2432 MAE=0.3345
[471/864] RUN: aurora__C5_constant__seed2022__Agriculture__h10
    -> OK (7.6s) MSE=0.3098 MAE=0.3724
[472/864] RUN: aurora__C5_constant__seed2022__Agriculture__h12
    -> OK (7.5s) MSE=0.3750 MAE=0.4004
[473/864] RUN: aurora__C5_constant__seed2022__Climate__h6
    -> OK (7.7s) MSE=0.8543 MAE=0.7455
[474/864] RUN: aurora__C5_constant__seed2022__Climate__h8
    -> OK (7.5s) MSE=0.8609 MAE=0.7461
[475/864] RUN: aurora__C5_constant__seed2022__Climate__h10
    -> OK (7.6s) MSE=0.8660 MAE=0.7462
[476/864] RUN: aurora__C5_constant__seed2022__Climate__h12
    -> OK (7.6s) MSE=0.8735 MAE=0.7510
[477/864] RUN: aurora__C5_constant__seed2022__Economy__h6
    -> OK (7.5s) MSE=0.0399 MAE=0.1609
[478/864] RUN: aurora__C5_constant__seed2022__Economy__h8
    -> OK (7.4s) MSE=0.0356 MAE=0.1511
[479/864] RUN: aurora__C5_constant__seed2022__Economy__h10
    -> OK (7.5s) MSE=0.0328 MAE=0.1451
[480/864] RUN: aurora__C5_constant__seed2022__Economy__h12
    -> OK (7.4s) MSE=0.0338 MAE=0.1490
[481/864] RUN: aurora__C5_constant__seed2022__Energy__h12
    -> OK (10.2s) MSE=0.1186 MAE=0.2554
[482/864] RUN: aurora__C5_constant__seed2022__Energy__h24
    -> OK (10.2s) MSE=0.2249 MAE=0.3545
[483/864] RUN: aurora__C5_constant__seed2022__Energy__h36
    -> OK (10.0s) MSE=0.2915 MAE=0.4104
[484/864] RUN: aurora__C5_constant__seed2022__Energy__h48
    -> OK (9.6s) MSE=0.3856 MAE=0.4750
[485/864] RUN: aurora__C5_constant__seed2022__Environment__h48
    -> OK (46.5s) MSE=0.2806 MAE=0.3801
[486/864] RUN: aurora__C5_constant__seed2022__Environment__h96
    -> OK (50.2s) MSE=0.2847 MAE=0.3824
[487/864] RUN: aurora__C5_constant__seed2022__Environment__h192
    -> OK (60.4s) MSE=0.2705 MAE=0.3759
[488/864] RUN: aurora__C5_constant__seed2022__Environment__h336
    -> OK (73.5s) MSE=0.2693 MAE=0.3778
[489/864] RUN: aurora__C5_constant__seed2022__Health__h12
    -> OK (9.8s) MSE=1.0972 MAE=0.6698
[490/864] RUN: aurora__C5_constant__seed2022__Health__h24
    -> OK (9.6s) MSE=1.5743 MAE=0.8474
[491/864] RUN: aurora__C5_constant__seed2022__Health__h36
    -> OK (9.4s) MSE=1.6958 MAE=0.9214
[492/864] RUN: aurora__C5_constant__seed2022__Health__h48
    -> OK (9.3s) MSE=1.8639 MAE=0.9642
[493/864] RUN: aurora__C5_constant__seed2022__Security__h6
    -> OK (7.0s) MSE=67.4035 MAE=3.9213
[494/864] RUN: aurora__C5_constant__seed2022__Security__h8
    -> OK (7.0s) MSE=70.4279 MAE=4.0133
[495/864] RUN: aurora__C5_constant__seed2022__Security__h10
    -> OK (7.0s) MSE=75.9936 MAE=4.2443
[496/864] RUN: aurora__C5_constant__seed2022__Security__h12
    -> OK (6.9s) MSE=77.5708 MAE=4.2561
[497/864] RUN: aurora__C5_constant__seed2022__SocialGood__h6
    -> OK (8.6s) MSE=0.7115 MAE=0.4368
[498/864] RUN: aurora__C5_constant__seed2022__SocialGood__h8
    -> OK (8.6s) MSE=0.8118 MAE=0.4859
[499/864] RUN: aurora__C5_constant__seed2022__SocialGood__h10
    -> OK (8.5s) MSE=0.8899 MAE=0.5369
[500/864] RUN: aurora__C5_constant__seed2022__SocialGood__h12
    -> OK (8.5s) MSE=0.9606 MAE=0.5819
[501/864] RUN: aurora__C5_constant__seed2022__Traffic__h6
    -> OK (7.6s) MSE=0.1567 MAE=0.2899
[502/864] RUN: aurora__C5_constant__seed2022__Traffic__h8
    -> OK (7.6s) MSE=0.1612 MAE=0.2912
[503/864] RUN: aurora__C5_constant__seed2022__Traffic__h10
    -> OK (7.5s) MSE=0.1654 MAE=0.2933
[504/864] RUN: aurora__C5_constant__seed2022__Traffic__h12
    -> OK (7.5s) MSE=0.1695 MAE=0.2974
[505/864] RUN: aurora__C5_constant__seed2023__Agriculture__h6
    -> OK (7.4s) MSE=0.1794 MAE=0.2945
[506/864] RUN: aurora__C5_constant__seed2023__Agriculture__h8
    -> OK (7.5s) MSE=0.2407 MAE=0.3320
[507/864] RUN: aurora__C5_constant__seed2023__Agriculture__h10
    -> OK (7.4s) MSE=0.3165 MAE=0.3756
[508/864] RUN: aurora__C5_constant__seed2023__Agriculture__h12
    -> OK (7.5s) MSE=0.3652 MAE=0.3995
[509/864] RUN: aurora__C5_constant__seed2023__Climate__h6
    -> OK (7.5s) MSE=0.8635 MAE=0.7483
[510/864] RUN: aurora__C5_constant__seed2023__Climate__h8
    -> OK (7.6s) MSE=0.8649 MAE=0.7476
[511/864] RUN: aurora__C5_constant__seed2023__Climate__h10
    -> OK (7.8s) MSE=0.8643 MAE=0.7472
[512/864] RUN: aurora__C5_constant__seed2023__Climate__h12
    -> OK (7.3s) MSE=0.8731 MAE=0.7513
[513/864] RUN: aurora__C5_constant__seed2023__Economy__h6
    -> OK (7.3s) MSE=0.0371 MAE=0.1572
[514/864] RUN: aurora__C5_constant__seed2023__Economy__h8
    -> OK (7.2s) MSE=0.0342 MAE=0.1487
[515/864] RUN: aurora__C5_constant__seed2023__Economy__h10
    -> OK (7.1s) MSE=0.0317 MAE=0.1431
[516/864] RUN: aurora__C5_constant__seed2023__Economy__h12
    -> OK (7.2s) MSE=0.0342 MAE=0.1482
[517/864] RUN: aurora__C5_constant__seed2023__Energy__h12
    -> OK (9.9s) MSE=0.1212 MAE=0.2587
[518/864] RUN: aurora__C5_constant__seed2023__Energy__h24
    -> OK (9.8s) MSE=0.2272 MAE=0.3564
[519/864] RUN: aurora__C5_constant__seed2023__Energy__h36
    -> OK (9.7s) MSE=0.2919 MAE=0.4101
[520/864] RUN: aurora__C5_constant__seed2023__Energy__h48
    -> OK (9.6s) MSE=0.3825 MAE=0.4730
[521/864] RUN: aurora__C5_constant__seed2023__Environment__h48
    -> OK (43.7s) MSE=0.2807 MAE=0.3804
[522/864] RUN: aurora__C5_constant__seed2023__Environment__h96
    -> OK (49.5s) MSE=0.2845 MAE=0.3824
[523/864] RUN: aurora__C5_constant__seed2023__Environment__h192
    -> OK (59.4s) MSE=0.2705 MAE=0.3759
[524/864] RUN: aurora__C5_constant__seed2023__Environment__h336
    -> OK (73.5s) MSE=0.2692 MAE=0.3778
[525/864] RUN: aurora__C5_constant__seed2023__Health__h12
    -> OK (9.6s) MSE=1.0944 MAE=0.6691
[526/864] RUN: aurora__C5_constant__seed2023__Health__h24
    -> OK (9.6s) MSE=1.5735 MAE=0.8499
[527/864] RUN: aurora__C5_constant__seed2023__Health__h36
    -> OK (9.3s) MSE=1.7056 MAE=0.9239
[528/864] RUN: aurora__C5_constant__seed2023__Health__h48
    -> OK (9.2s) MSE=1.8702 MAE=0.9641
[529/864] RUN: aurora__C5_constant__seed2023__Security__h6
    -> OK (6.9s) MSE=67.5449 MAE=3.9135
[530/864] RUN: aurora__C5_constant__seed2023__Security__h8
    -> OK (7.1s) MSE=70.9982 MAE=4.0430
[531/864] RUN: aurora__C5_constant__seed2023__Security__h10
    -> OK (7.0s) MSE=74.4493 MAE=4.1661
[532/864] RUN: aurora__C5_constant__seed2023__Security__h12
    -> OK (6.9s) MSE=77.6444 MAE=4.2365
[533/864] RUN: aurora__C5_constant__seed2023__SocialGood__h6
    -> OK (8.6s) MSE=0.7109 MAE=0.4371
[534/864] RUN: aurora__C5_constant__seed2023__SocialGood__h8
    -> OK (8.6s) MSE=0.8172 MAE=0.4932
[535/864] RUN: aurora__C5_constant__seed2023__SocialGood__h10
    -> OK (9.1s) MSE=0.8934 MAE=0.5411
[536/864] RUN: aurora__C5_constant__seed2023__SocialGood__h12
    -> OK (8.5s) MSE=0.9655 MAE=0.5807
[537/864] RUN: aurora__C5_constant__seed2023__Traffic__h6
    -> OK (7.6s) MSE=0.1572 MAE=0.2893
[538/864] RUN: aurora__C5_constant__seed2023__Traffic__h8
    -> OK (7.6s) MSE=0.1604 MAE=0.2905
[539/864] RUN: aurora__C5_constant__seed2023__Traffic__h10
    -> OK (7.5s) MSE=0.1636 MAE=0.2918
[540/864] RUN: aurora__C5_constant__seed2023__Traffic__h12
    -> OK (7.5s) MSE=0.1698 MAE=0.2975
[541/864] RUN: aurora__C6_unimodal__seed2021__Agriculture__h6
    -> OK (7.6s) MSE=0.1842 MAE=0.2958
[542/864] RUN: aurora__C6_unimodal__seed2021__Agriculture__h8
    -> OK (7.5s) MSE=0.2377 MAE=0.3297
[543/864] RUN: aurora__C6_unimodal__seed2021__Agriculture__h10
    -> OK (7.5s) MSE=0.2999 MAE=0.3643
[544/864] RUN: aurora__C6_unimodal__seed2021__Agriculture__h12
    -> OK (7.5s) MSE=0.3794 MAE=0.4048
[545/864] RUN: aurora__C6_unimodal__seed2021__Climate__h6
    -> OK (7.6s) MSE=0.8563 MAE=0.7446
[546/864] RUN: aurora__C6_unimodal__seed2021__Climate__h8
    -> OK (7.7s) MSE=0.8634 MAE=0.7478
[547/864] RUN: aurora__C6_unimodal__seed2021__Climate__h10
    -> OK (7.6s) MSE=0.8658 MAE=0.7480
[548/864] RUN: aurora__C6_unimodal__seed2021__Climate__h12
    -> OK (7.6s) MSE=0.8742 MAE=0.7507
[549/864] RUN: aurora__C6_unimodal__seed2021__Economy__h6
    -> OK (7.5s) MSE=0.0349 MAE=0.1494
[550/864] RUN: aurora__C6_unimodal__seed2021__Economy__h8
    -> OK (7.4s) MSE=0.0340 MAE=0.1479
[551/864] RUN: aurora__C6_unimodal__seed2021__Economy__h10
    -> OK (7.4s) MSE=0.0318 MAE=0.1429
[552/864] RUN: aurora__C6_unimodal__seed2021__Economy__h12
    -> OK (7.3s) MSE=0.0317 MAE=0.1437
[553/864] RUN: aurora__C6_unimodal__seed2021__Energy__h12
    -> OK (10.7s) MSE=0.1184 MAE=0.2538
[554/864] RUN: aurora__C6_unimodal__seed2021__Energy__h24
    -> OK (9.9s) MSE=0.2237 MAE=0.3516
[555/864] RUN: aurora__C6_unimodal__seed2021__Energy__h36
    -> OK (9.8s) MSE=0.2908 MAE=0.4071
[556/864] RUN: aurora__C6_unimodal__seed2021__Energy__h48
    -> OK (9.7s) MSE=0.3827 MAE=0.4721
[557/864] RUN: aurora__C6_unimodal__seed2021__Environment__h48
    -> OK (45.4s) MSE=0.2803 MAE=0.3797
[558/864] RUN: aurora__C6_unimodal__seed2021__Environment__h96
    -> OK (51.1s) MSE=0.2844 MAE=0.3820
[559/864] RUN: aurora__C6_unimodal__seed2021__Environment__h192
    -> OK (61.1s) MSE=0.2702 MAE=0.3755
[560/864] RUN: aurora__C6_unimodal__seed2021__Environment__h336
    -> OK (74.4s) MSE=0.2690 MAE=0.3774
[561/864] RUN: aurora__C6_unimodal__seed2021__Health__h12
    -> OK (10.0s) MSE=1.0892 MAE=0.6671
[562/864] RUN: aurora__C6_unimodal__seed2021__Health__h24
    -> OK (9.7s) MSE=1.5676 MAE=0.8452
[563/864] RUN: aurora__C6_unimodal__seed2021__Health__h36
    -> OK (9.7s) MSE=1.6887 MAE=0.9189
[564/864] RUN: aurora__C6_unimodal__seed2021__Health__h48
    -> OK (9.5s) MSE=1.8589 MAE=0.9622
[565/864] RUN: aurora__C6_unimodal__seed2021__Security__h6
    -> OK (7.3s) MSE=67.4690 MAE=3.8803
[566/864] RUN: aurora__C6_unimodal__seed2021__Security__h8
    -> OK (7.2s) MSE=70.9709 MAE=4.0334
[567/864] RUN: aurora__C6_unimodal__seed2021__Security__h10
    -> OK (7.2s) MSE=74.2944 MAE=4.1395
[568/864] RUN: aurora__C6_unimodal__seed2021__Security__h12
    -> OK (7.0s) MSE=77.9284 MAE=4.2611
[569/864] RUN: aurora__C6_unimodal__seed2021__SocialGood__h6
    -> OK (9.2s) MSE=0.7067 MAE=0.4444
[570/864] RUN: aurora__C6_unimodal__seed2021__SocialGood__h8
    -> OK (9.2s) MSE=0.7990 MAE=0.4939
[571/864] RUN: aurora__C6_unimodal__seed2021__SocialGood__h10
    -> OK (9.1s) MSE=0.8852 MAE=0.5430
[572/864] RUN: aurora__C6_unimodal__seed2021__SocialGood__h12
    -> OK (9.1s) MSE=0.9485 MAE=0.5844
[573/864] RUN: aurora__C6_unimodal__seed2021__Traffic__h6
    -> OK (7.9s) MSE=0.1538 MAE=0.2846
[574/864] RUN: aurora__C6_unimodal__seed2021__Traffic__h8
    -> OK (7.9s) MSE=0.1580 MAE=0.2858
[575/864] RUN: aurora__C6_unimodal__seed2021__Traffic__h10
    -> OK (7.9s) MSE=0.1627 MAE=0.2886
[576/864] RUN: aurora__C6_unimodal__seed2021__Traffic__h12
    -> OK (8.3s) MSE=0.1688 MAE=0.2951
[577/864] RUN: aurora__C6_unimodal__seed2022__Agriculture__h6
    -> OK (7.7s) MSE=0.1820 MAE=0.2975
[578/864] RUN: aurora__C6_unimodal__seed2022__Agriculture__h8
    -> OK (7.6s) MSE=0.2409 MAE=0.3328
[579/864] RUN: aurora__C6_unimodal__seed2022__Agriculture__h10
    -> OK (7.6s) MSE=0.3078 MAE=0.3708
[580/864] RUN: aurora__C6_unimodal__seed2022__Agriculture__h12
    -> OK (7.6s) MSE=0.3737 MAE=0.3998
[581/864] RUN: aurora__C6_unimodal__seed2022__Climate__h6
    -> OK (7.7s) MSE=0.8543 MAE=0.7454
[582/864] RUN: aurora__C6_unimodal__seed2022__Climate__h8
    -> OK (7.6s) MSE=0.8606 MAE=0.7460
[583/864] RUN: aurora__C6_unimodal__seed2022__Climate__h10
    -> OK (7.6s) MSE=0.8656 MAE=0.7461
[584/864] RUN: aurora__C6_unimodal__seed2022__Climate__h12
    -> OK (7.7s) MSE=0.8730 MAE=0.7508
[585/864] RUN: aurora__C6_unimodal__seed2022__Economy__h6
    -> OK (7.4s) MSE=0.0382 MAE=0.1566
[586/864] RUN: aurora__C6_unimodal__seed2022__Economy__h8
    -> OK (7.5s) MSE=0.0340 MAE=0.1466
[587/864] RUN: aurora__C6_unimodal__seed2022__Economy__h10
    -> OK (7.4s) MSE=0.0312 MAE=0.1411
[588/864] RUN: aurora__C6_unimodal__seed2022__Economy__h12
    -> OK (7.4s) MSE=0.0325 MAE=0.1454
[589/864] RUN: aurora__C6_unimodal__seed2022__Energy__h12
    -> OK (10.2s) MSE=0.1185 MAE=0.2547
[590/864] RUN: aurora__C6_unimodal__seed2022__Energy__h24
    -> OK (10.2s) MSE=0.2247 MAE=0.3536
[591/864] RUN: aurora__C6_unimodal__seed2022__Energy__h36
    -> OK (9.7s) MSE=0.2912 MAE=0.4088
[592/864] RUN: aurora__C6_unimodal__seed2022__Energy__h48
    -> OK (9.6s) MSE=0.3858 MAE=0.4742
[593/864] RUN: aurora__C6_unimodal__seed2022__Environment__h48
    -> OK (44.1s) MSE=0.2805 MAE=0.3798
[594/864] RUN: aurora__C6_unimodal__seed2022__Environment__h96
    -> OK (52.1s) MSE=0.2845 MAE=0.3820
[595/864] RUN: aurora__C6_unimodal__seed2022__Environment__h192
    -> OK (64.9s) MSE=0.2703 MAE=0.3755
[596/864] RUN: aurora__C6_unimodal__seed2022__Environment__h336
    -> OK (79.6s) MSE=0.2691 MAE=0.3774
[597/864] RUN: aurora__C6_unimodal__seed2022__Health__h12
    -> OK (10.4s) MSE=1.0954 MAE=0.6686
[598/864] RUN: aurora__C6_unimodal__seed2022__Health__h24
    -> OK (10.1s) MSE=1.5698 MAE=0.8453
[599/864] RUN: aurora__C6_unimodal__seed2022__Health__h36
    -> OK (9.8s) MSE=1.6868 MAE=0.9184
[600/864] RUN: aurora__C6_unimodal__seed2022__Health__h48
    -> OK (9.8s) MSE=1.8552 MAE=0.9617
[601/864] RUN: aurora__C6_unimodal__seed2022__Security__h6
    -> OK (7.4s) MSE=67.2912 MAE=3.9096
[602/864] RUN: aurora__C6_unimodal__seed2022__Security__h8
    -> OK (7.3s) MSE=70.3869 MAE=4.0108
[603/864] RUN: aurora__C6_unimodal__seed2022__Security__h10
    -> OK (7.3s) MSE=76.0588 MAE=4.2459
[604/864] RUN: aurora__C6_unimodal__seed2022__Security__h12
    -> OK (7.4s) MSE=77.6734 MAE=4.2608
[605/864] RUN: aurora__C6_unimodal__seed2022__SocialGood__h6
    -> OK (9.4s) MSE=0.7036 MAE=0.4405
[606/864] RUN: aurora__C6_unimodal__seed2022__SocialGood__h8
    -> OK (9.3s) MSE=0.8030 MAE=0.4895
[607/864] RUN: aurora__C6_unimodal__seed2022__SocialGood__h10
    -> OK (9.7s) MSE=0.8809 MAE=0.5392
[608/864] RUN: aurora__C6_unimodal__seed2022__SocialGood__h12
    -> OK (9.1s) MSE=0.9516 MAE=0.5831
[609/864] RUN: aurora__C6_unimodal__seed2022__Traffic__h6
    -> OK (8.0s) MSE=0.1546 MAE=0.2861
[610/864] RUN: aurora__C6_unimodal__seed2022__Traffic__h8
    -> OK (7.9s) MSE=0.1594 MAE=0.2876
[611/864] RUN: aurora__C6_unimodal__seed2022__Traffic__h10
    -> OK (7.8s) MSE=0.1638 MAE=0.2902
[612/864] RUN: aurora__C6_unimodal__seed2022__Traffic__h12
    -> OK (7.9s) MSE=0.1682 MAE=0.2946
[613/864] RUN: aurora__C6_unimodal__seed2023__Agriculture__h6
    -> OK (7.7s) MSE=0.1775 MAE=0.2926
[614/864] RUN: aurora__C6_unimodal__seed2023__Agriculture__h8
    -> OK (7.8s) MSE=0.2387 MAE=0.3306
[615/864] RUN: aurora__C6_unimodal__seed2023__Agriculture__h10
    -> OK (7.7s) MSE=0.3150 MAE=0.3748
[616/864] RUN: aurora__C6_unimodal__seed2023__Agriculture__h12
    -> OK (7.7s) MSE=0.3639 MAE=0.3988
[617/864] RUN: aurora__C6_unimodal__seed2023__Climate__h6
    -> OK (7.8s) MSE=0.8635 MAE=0.7482
[618/864] RUN: aurora__C6_unimodal__seed2023__Climate__h8
    -> OK (7.8s) MSE=0.8647 MAE=0.7474
[619/864] RUN: aurora__C6_unimodal__seed2023__Climate__h10
    -> OK (7.7s) MSE=0.8639 MAE=0.7470
[620/864] RUN: aurora__C6_unimodal__seed2023__Climate__h12
    -> OK (7.9s) MSE=0.8727 MAE=0.7510
[621/864] RUN: aurora__C6_unimodal__seed2023__Economy__h6
    -> OK (8.2s) MSE=0.0349 MAE=0.1517
[622/864] RUN: aurora__C6_unimodal__seed2023__Economy__h8
    -> OK (7.5s) MSE=0.0324 MAE=0.1439
[623/864] RUN: aurora__C6_unimodal__seed2023__Economy__h10
    -> OK (7.6s) MSE=0.0303 MAE=0.1390
[624/864] RUN: aurora__C6_unimodal__seed2023__Economy__h12
    -> OK (7.5s) MSE=0.0328 MAE=0.1446
[625/864] RUN: aurora__C6_unimodal__seed2023__Energy__h12
    -> OK (10.4s) MSE=0.1211 MAE=0.2581
[626/864] RUN: aurora__C6_unimodal__seed2023__Energy__h24
    -> OK (10.1s) MSE=0.2270 MAE=0.3555
[627/864] RUN: aurora__C6_unimodal__seed2023__Energy__h36
    -> OK (10.0s) MSE=0.2916 MAE=0.4086
[628/864] RUN: aurora__C6_unimodal__seed2023__Energy__h48
    -> OK (9.8s) MSE=0.3825 MAE=0.4720
[629/864] RUN: aurora__C6_unimodal__seed2023__Environment__h48
    -> OK (45.4s) MSE=0.2806 MAE=0.3800
[630/864] RUN: aurora__C6_unimodal__seed2023__Environment__h96
    -> OK (51.2s) MSE=0.2843 MAE=0.3820
[631/864] RUN: aurora__C6_unimodal__seed2023__Environment__h192
    -> OK (60.4s) MSE=0.2703 MAE=0.3755
[632/864] RUN: aurora__C6_unimodal__seed2023__Environment__h336
    -> OK (73.7s) MSE=0.2690 MAE=0.3774
[633/864] RUN: aurora__C6_unimodal__seed2023__Health__h12
    -> OK (9.9s) MSE=1.0924 MAE=0.6679
[634/864] RUN: aurora__C6_unimodal__seed2023__Health__h24
    -> OK (9.6s) MSE=1.5689 MAE=0.8477
[635/864] RUN: aurora__C6_unimodal__seed2023__Health__h36
    -> OK (9.4s) MSE=1.6967 MAE=0.9208
[636/864] RUN: aurora__C6_unimodal__seed2023__Health__h48
    -> OK (9.2s) MSE=1.8609 MAE=0.9615
[637/864] RUN: aurora__C6_unimodal__seed2023__Security__h6
    -> OK (7.2s) MSE=67.4454 MAE=3.9022
[638/864] RUN: aurora__C6_unimodal__seed2023__Security__h8
    -> OK (7.0s) MSE=70.9385 MAE=4.0360
[639/864] RUN: aurora__C6_unimodal__seed2023__Security__h10
    -> OK (7.1s) MSE=74.4765 MAE=4.1658
[640/864] RUN: aurora__C6_unimodal__seed2023__Security__h12
    -> OK (7.0s) MSE=77.7354 MAE=4.2392
[641/864] RUN: aurora__C6_unimodal__seed2023__SocialGood__h6
    -> OK (9.0s) MSE=0.7024 MAE=0.4407
[642/864] RUN: aurora__C6_unimodal__seed2023__SocialGood__h8
    -> OK (9.2s) MSE=0.8082 MAE=0.4963
[643/864] RUN: aurora__C6_unimodal__seed2023__SocialGood__h10
    -> OK (9.0s) MSE=0.8842 MAE=0.5435
[644/864] RUN: aurora__C6_unimodal__seed2023__SocialGood__h12
    -> OK (9.7s) MSE=0.9570 MAE=0.5823
[645/864] RUN: aurora__C6_unimodal__seed2023__Traffic__h6
    -> OK (7.8s) MSE=0.1552 MAE=0.2856
[646/864] RUN: aurora__C6_unimodal__seed2023__Traffic__h8
    -> OK (7.8s) MSE=0.1585 MAE=0.2869
[647/864] RUN: aurora__C6_unimodal__seed2023__Traffic__h10
    -> OK (7.7s) MSE=0.1620 MAE=0.2887
[648/864] RUN: aurora__C6_unimodal__seed2023__Traffic__h12
    -> OK (7.7s) MSE=0.1685 MAE=0.2948
[649/864] RUN: aurora__C7_null__seed2021__Agriculture__h6
    -> OK (7.4s) MSE=0.1845 MAE=0.2965
[650/864] RUN: aurora__C7_null__seed2021__Agriculture__h8
    -> OK (7.3s) MSE=0.2378 MAE=0.3303
[651/864] RUN: aurora__C7_null__seed2021__Agriculture__h10
    -> OK (7.5s) MSE=0.2997 MAE=0.3645
[652/864] RUN: aurora__C7_null__seed2021__Agriculture__h12
    -> OK (7.4s) MSE=0.3793 MAE=0.4052
[653/864] RUN: aurora__C7_null__seed2021__Climate__h6
    -> OK (7.5s) MSE=0.8563 MAE=0.7447
[654/864] RUN: aurora__C7_null__seed2021__Climate__h8
    -> OK (7.4s) MSE=0.8635 MAE=0.7478
[655/864] RUN: aurora__C7_null__seed2021__Climate__h10
    -> OK (7.5s) MSE=0.8659 MAE=0.7481
[656/864] RUN: aurora__C7_null__seed2021__Climate__h12
    -> OK (7.4s) MSE=0.8743 MAE=0.7508
[657/864] RUN: aurora__C7_null__seed2021__Economy__h6
    -> OK (7.3s) MSE=0.0342 MAE=0.1484
[658/864] RUN: aurora__C7_null__seed2021__Economy__h8
    -> OK (7.2s) MSE=0.0334 MAE=0.1466
[659/864] RUN: aurora__C7_null__seed2021__Economy__h10
    -> OK (7.2s) MSE=0.0314 MAE=0.1420
[660/864] RUN: aurora__C7_null__seed2021__Economy__h12
    -> OK (7.2s) MSE=0.0312 MAE=0.1429
[661/864] RUN: aurora__C7_null__seed2021__Energy__h12
    -> OK (10.0s) MSE=0.1176 MAE=0.2523
[662/864] RUN: aurora__C7_null__seed2021__Energy__h24
    -> OK (9.9s) MSE=0.2243 MAE=0.3508
[663/864] RUN: aurora__C7_null__seed2021__Energy__h36
    -> OK (9.7s) MSE=0.2919 MAE=0.4062
[664/864] RUN: aurora__C7_null__seed2021__Energy__h48
    -> OK (9.5s) MSE=0.3842 MAE=0.4719
[665/864] RUN: aurora__C7_null__seed2021__Environment__h48
    -> OK (43.9s) MSE=0.2802 MAE=0.3795
[666/864] RUN: aurora__C7_null__seed2021__Environment__h96
    -> OK (51.2s) MSE=0.2843 MAE=0.3818
[667/864] RUN: aurora__C7_null__seed2021__Environment__h192
    -> OK (61.4s) MSE=0.2702 MAE=0.3753
[668/864] RUN: aurora__C7_null__seed2021__Environment__h336
    -> OK (75.3s) MSE=0.2689 MAE=0.3771
[669/864] RUN: aurora__C7_null__seed2021__Health__h12
    -> OK (9.9s) MSE=1.0894 MAE=0.6670
[670/864] RUN: aurora__C7_null__seed2021__Health__h24
    -> OK (10.2s) MSE=1.5674 MAE=0.8450
[671/864] RUN: aurora__C7_null__seed2021__Health__h36
    -> OK (9.4s) MSE=1.6868 MAE=0.9183
[672/864] RUN: aurora__C7_null__seed2021__Health__h48
    -> OK (9.1s) MSE=1.8573 MAE=0.9619
[673/864] RUN: aurora__C7_null__seed2021__Security__h6
    -> OK (7.1s) MSE=67.4858 MAE=3.8819
[674/864] RUN: aurora__C7_null__seed2021__Security__h8
    -> OK (6.9s) MSE=70.9901 MAE=4.0352
[675/864] RUN: aurora__C7_null__seed2021__Security__h10
    -> OK (7.0s) MSE=74.3140 MAE=4.1417
[676/864] RUN: aurora__C7_null__seed2021__Security__h12
    -> OK (7.0s) MSE=77.9534 MAE=4.2630
[677/864] RUN: aurora__C7_null__seed2021__SocialGood__h6
    -> OK (8.5s) MSE=0.7070 MAE=0.4433
[678/864] RUN: aurora__C7_null__seed2021__SocialGood__h8
    -> OK (8.6s) MSE=0.7994 MAE=0.4927
[679/864] RUN: aurora__C7_null__seed2021__SocialGood__h10
    -> OK (8.5s) MSE=0.8855 MAE=0.5418
[680/864] RUN: aurora__C7_null__seed2021__SocialGood__h12
    -> OK (8.4s) MSE=0.9484 MAE=0.5832
[681/864] RUN: aurora__C7_null__seed2021__Traffic__h6
    -> OK (7.7s) MSE=0.1540 MAE=0.2847
[682/864] RUN: aurora__C7_null__seed2021__Traffic__h8
    -> OK (8.2s) MSE=0.1581 MAE=0.2859
[683/864] RUN: aurora__C7_null__seed2021__Traffic__h10
    -> OK (7.5s) MSE=0.1629 MAE=0.2888
[684/864] RUN: aurora__C7_null__seed2021__Traffic__h12
    -> OK (7.5s) MSE=0.1689 MAE=0.2952
[685/864] RUN: aurora__C7_null__seed2022__Agriculture__h6
    -> OK (7.5s) MSE=0.1823 MAE=0.2979
[686/864] RUN: aurora__C7_null__seed2022__Agriculture__h8
    -> OK (7.4s) MSE=0.2410 MAE=0.3334
[687/864] RUN: aurora__C7_null__seed2022__Agriculture__h10
    -> OK (7.5s) MSE=0.3080 MAE=0.3714
[688/864] RUN: aurora__C7_null__seed2022__Agriculture__h12
    -> OK (7.5s) MSE=0.3736 MAE=0.4002
[689/864] RUN: aurora__C7_null__seed2022__Climate__h6
    -> OK (7.5s) MSE=0.8544 MAE=0.7454
[690/864] RUN: aurora__C7_null__seed2022__Climate__h8
    -> OK (7.5s) MSE=0.8608 MAE=0.7460
[691/864] RUN: aurora__C7_null__seed2022__Climate__h10
    -> OK (7.4s) MSE=0.8658 MAE=0.7461
[692/864] RUN: aurora__C7_null__seed2022__Climate__h12
    -> OK (7.4s) MSE=0.8732 MAE=0.7508
[693/864] RUN: aurora__C7_null__seed2022__Economy__h6
    -> OK (7.3s) MSE=0.0375 MAE=0.1553
[694/864] RUN: aurora__C7_null__seed2022__Economy__h8
    -> OK (7.3s) MSE=0.0335 MAE=0.1456
[695/864] RUN: aurora__C7_null__seed2022__Economy__h10
    -> OK (7.2s) MSE=0.0306 MAE=0.1400
[696/864] RUN: aurora__C7_null__seed2022__Economy__h12
    -> OK (7.3s) MSE=0.0321 MAE=0.1446
[697/864] RUN: aurora__C7_null__seed2022__Energy__h12
    -> OK (10.0s) MSE=0.1175 MAE=0.2530
[698/864] RUN: aurora__C7_null__seed2022__Energy__h24
    -> OK (9.9s) MSE=0.2253 MAE=0.3524
[699/864] RUN: aurora__C7_null__seed2022__Energy__h36
    -> OK (10.3s) MSE=0.2924 MAE=0.4077
[700/864] RUN: aurora__C7_null__seed2022__Energy__h48
    -> OK (9.5s) MSE=0.3874 MAE=0.4740
[701/864] RUN: aurora__C7_null__seed2022__Environment__h48
    -> OK (44.5s) MSE=0.2804 MAE=0.3795
[702/864] RUN: aurora__C7_null__seed2022__Environment__h96
    -> OK (50.3s) MSE=0.2845 MAE=0.3818
[703/864] RUN: aurora__C7_null__seed2022__Environment__h192
    -> OK (60.3s) MSE=0.2702 MAE=0.3753
[704/864] RUN: aurora__C7_null__seed2022__Environment__h336
    -> OK (73.3s) MSE=0.2690 MAE=0.3771
[705/864] RUN: aurora__C7_null__seed2022__Health__h12
    -> OK (9.7s) MSE=1.0956 MAE=0.6686
[706/864] RUN: aurora__C7_null__seed2022__Health__h24
    -> OK (9.6s) MSE=1.5696 MAE=0.8450
[707/864] RUN: aurora__C7_null__seed2022__Health__h36
    -> OK (9.3s) MSE=1.6850 MAE=0.9178
[708/864] RUN: aurora__C7_null__seed2022__Health__h48
    -> OK (9.3s) MSE=1.8536 MAE=0.9614
[709/864] RUN: aurora__C7_null__seed2022__Security__h6
    -> OK (7.0s) MSE=67.3079 MAE=3.9110
[710/864] RUN: aurora__C7_null__seed2022__Security__h8
    -> OK (7.0s) MSE=70.4038 MAE=4.0125
[711/864] RUN: aurora__C7_null__seed2022__Security__h10
    -> OK (7.0s) MSE=76.0914 MAE=4.2469
[712/864] RUN: aurora__C7_null__seed2022__Security__h12
    -> OK (6.9s) MSE=77.7007 MAE=4.2630
[713/864] RUN: aurora__C7_null__seed2022__SocialGood__h6
    -> OK (8.6s) MSE=0.7041 MAE=0.4393
[714/864] RUN: aurora__C7_null__seed2022__SocialGood__h8
    -> OK (8.5s) MSE=0.8032 MAE=0.4884
[715/864] RUN: aurora__C7_null__seed2022__SocialGood__h10
    -> OK (8.5s) MSE=0.8810 MAE=0.5380
[716/864] RUN: aurora__C7_null__seed2022__SocialGood__h12
    -> OK (8.4s) MSE=0.9516 MAE=0.5820
[717/864] RUN: aurora__C7_null__seed2022__Traffic__h6
    -> OK (7.6s) MSE=0.1548 MAE=0.2863
[718/864] RUN: aurora__C7_null__seed2022__Traffic__h8
    -> OK (7.6s) MSE=0.1596 MAE=0.2877
[719/864] RUN: aurora__C7_null__seed2022__Traffic__h10
    -> OK (7.5s) MSE=0.1640 MAE=0.2904
[720/864] RUN: aurora__C7_null__seed2022__Traffic__h12
    -> OK (7.5s) MSE=0.1683 MAE=0.2947
[721/864] RUN: aurora__C7_null__seed2023__Agriculture__h6
    -> OK (7.5s) MSE=0.1776 MAE=0.2928
[722/864] RUN: aurora__C7_null__seed2023__Agriculture__h8
    -> OK (7.4s) MSE=0.2389 MAE=0.3312
[723/864] RUN: aurora__C7_null__seed2023__Agriculture__h10
    -> OK (7.5s) MSE=0.3151 MAE=0.3754
[724/864] RUN: aurora__C7_null__seed2023__Agriculture__h12
    -> OK (7.4s) MSE=0.3639 MAE=0.3993
[725/864] RUN: aurora__C7_null__seed2023__Climate__h6
    -> OK (7.5s) MSE=0.8636 MAE=0.7482
[726/864] RUN: aurora__C7_null__seed2023__Climate__h8
    -> OK (7.5s) MSE=0.8648 MAE=0.7475
[727/864] RUN: aurora__C7_null__seed2023__Climate__h10
    -> OK (8.1s) MSE=0.8641 MAE=0.7471
[728/864] RUN: aurora__C7_null__seed2023__Climate__h12
    -> OK (7.6s) MSE=0.8728 MAE=0.7511
[729/864] RUN: aurora__C7_null__seed2023__Economy__h6
    -> OK (7.5s) MSE=0.0342 MAE=0.1503
[730/864] RUN: aurora__C7_null__seed2023__Economy__h8
    -> OK (7.3s) MSE=0.0318 MAE=0.1429
[731/864] RUN: aurora__C7_null__seed2023__Economy__h10
    -> OK (7.4s) MSE=0.0298 MAE=0.1377
[732/864] RUN: aurora__C7_null__seed2023__Economy__h12
    -> OK (7.4s) MSE=0.0324 MAE=0.1438
[733/864] RUN: aurora__C7_null__seed2023__Energy__h12
    -> OK (10.4s) MSE=0.1200 MAE=0.2564
[734/864] RUN: aurora__C7_null__seed2023__Energy__h24
    -> OK (10.4s) MSE=0.2275 MAE=0.3544
[735/864] RUN: aurora__C7_null__seed2023__Energy__h36
    -> OK (10.2s) MSE=0.2927 MAE=0.4076
[736/864] RUN: aurora__C7_null__seed2023__Energy__h48
    -> OK (9.7s) MSE=0.3842 MAE=0.4719
[737/864] RUN: aurora__C7_null__seed2023__Environment__h48
    -> OK (47.6s) MSE=0.2806 MAE=0.3797
[738/864] RUN: aurora__C7_null__seed2023__Environment__h96
    -> OK (54.1s) MSE=0.2843 MAE=0.3817
[739/864] RUN: aurora__C7_null__seed2023__Environment__h192
    -> OK (64.6s) MSE=0.2702 MAE=0.3753
[740/864] RUN: aurora__C7_null__seed2023__Environment__h336
    -> OK (74.8s) MSE=0.2689 MAE=0.3771
[741/864] RUN: aurora__C7_null__seed2023__Health__h12
    -> OK (10.0s) MSE=1.0925 MAE=0.6678
[742/864] RUN: aurora__C7_null__seed2023__Health__h24
    -> OK (9.7s) MSE=1.5688 MAE=0.8475
[743/864] RUN: aurora__C7_null__seed2023__Health__h36
    -> OK (9.5s) MSE=1.6948 MAE=0.9203
[744/864] RUN: aurora__C7_null__seed2023__Health__h48
    -> OK (9.4s) MSE=1.8593 MAE=0.9612
[745/864] RUN: aurora__C7_null__seed2023__Security__h6
    -> OK (7.2s) MSE=67.4605 MAE=3.9033
[746/864] RUN: aurora__C7_null__seed2023__Security__h8
    -> OK (7.1s) MSE=70.9581 MAE=4.0376
[747/864] RUN: aurora__C7_null__seed2023__Security__h10
    -> OK (7.1s) MSE=74.5019 MAE=4.1674
[748/864] RUN: aurora__C7_null__seed2023__Security__h12
    -> OK (7.6s) MSE=77.7566 MAE=4.2407
[749/864] RUN: aurora__C7_null__seed2023__SocialGood__h6
    -> OK (8.6s) MSE=0.7027 MAE=0.4396
[750/864] RUN: aurora__C7_null__seed2023__SocialGood__h8
    -> OK (8.6s) MSE=0.8086 MAE=0.4952
[751/864] RUN: aurora__C7_null__seed2023__SocialGood__h10
    -> OK (8.6s) MSE=0.8846 MAE=0.5424
[752/864] RUN: aurora__C7_null__seed2023__SocialGood__h12
    -> OK (8.5s) MSE=0.9569 MAE=0.5812
[753/864] RUN: aurora__C7_null__seed2023__Traffic__h6
    -> OK (7.6s) MSE=0.1554 MAE=0.2857
[754/864] RUN: aurora__C7_null__seed2023__Traffic__h8
    -> OK (7.7s) MSE=0.1587 MAE=0.2870
[755/864] RUN: aurora__C7_null__seed2023__Traffic__h10
    -> OK (7.6s) MSE=0.1622 MAE=0.2888
[756/864] RUN: aurora__C7_null__seed2023__Traffic__h12
    -> OK (7.6s) MSE=0.1686 MAE=0.2949
[757/864] RUN: aurora__C8_oracle__seed2021__Agriculture__h6
    -> OK (7.6s) MSE=0.1844 MAE=0.2961
[758/864] RUN: aurora__C8_oracle__seed2021__Agriculture__h8
    -> OK (7.6s) MSE=0.2379 MAE=0.3298
[759/864] RUN: aurora__C8_oracle__seed2021__Agriculture__h10
    -> OK (7.5s) MSE=0.2999 MAE=0.3642
[760/864] RUN: aurora__C8_oracle__seed2021__Agriculture__h12
    -> OK (7.7s) MSE=0.3793 MAE=0.4048
[761/864] RUN: aurora__C8_oracle__seed2021__Climate__h6
    -> OK (8.0s) MSE=0.8562 MAE=0.7447
[762/864] RUN: aurora__C8_oracle__seed2021__Climate__h8
    -> OK (7.5s) MSE=0.8635 MAE=0.7479
[763/864] RUN: aurora__C8_oracle__seed2021__Climate__h10
    -> OK (7.6s) MSE=0.8660 MAE=0.7482
[764/864] RUN: aurora__C8_oracle__seed2021__Climate__h12
    -> OK (7.5s) MSE=0.8745 MAE=0.7509
[765/864] RUN: aurora__C8_oracle__seed2021__Economy__h6
    -> OK (7.4s) MSE=0.0362 MAE=0.1539
[766/864] RUN: aurora__C8_oracle__seed2021__Economy__h8
    -> OK (7.4s) MSE=0.0354 MAE=0.1518
[767/864] RUN: aurora__C8_oracle__seed2021__Economy__h10
    -> OK (7.3s) MSE=0.0330 MAE=0.1463
[768/864] RUN: aurora__C8_oracle__seed2021__Economy__h12
    -> OK (7.3s) MSE=0.0330 MAE=0.1473
[769/864] RUN: aurora__C8_oracle__seed2021__Energy__h12
    -> OK (10.3s) MSE=0.1186 MAE=0.2545
[770/864] RUN: aurora__C8_oracle__seed2021__Energy__h24
    -> OK (10.2s) MSE=0.2243 MAE=0.3528
[771/864] RUN: aurora__C8_oracle__seed2021__Energy__h36
    -> OK (9.9s) MSE=0.2920 MAE=0.4097
[772/864] RUN: aurora__C8_oracle__seed2021__Energy__h48
    -> OK (9.8s) MSE=0.3834 MAE=0.4740
[773/864] RUN: aurora__C8_oracle__seed2021__Environment__h48
    -> OK (44.8s) MSE=0.2802 MAE=0.3798
[774/864] RUN: aurora__C8_oracle__seed2021__Environment__h96
    -> OK (50.6s) MSE=0.2844 MAE=0.3821
[775/864] RUN: aurora__C8_oracle__seed2021__Environment__h192
    -> OK (60.9s) MSE=0.2702 MAE=0.3756
[776/864] RUN: aurora__C8_oracle__seed2021__Environment__h336
    -> OK (74.4s) MSE=0.2690 MAE=0.3775
[777/864] RUN: aurora__C8_oracle__seed2021__Health__h12
    -> OK (10.0s) MSE=1.0906 MAE=0.6678
[778/864] RUN: aurora__C8_oracle__seed2021__Health__h24
    -> OK (9.7s) MSE=1.5710 MAE=0.8468
[779/864] RUN: aurora__C8_oracle__seed2021__Health__h36
    -> OK (9.6s) MSE=1.6941 MAE=0.9209
[780/864] RUN: aurora__C8_oracle__seed2021__Health__h48
    -> OK (9.4s) MSE=1.8652 MAE=0.9640
[781/864] RUN: aurora__C8_oracle__seed2021__Security__h6
    -> OK (7.2s) MSE=67.5546 MAE=3.8875
[782/864] RUN: aurora__C8_oracle__seed2021__Security__h8
    -> OK (7.1s) MSE=70.9977 MAE=4.0391
[783/864] RUN: aurora__C8_oracle__seed2021__Security__h10
    -> OK (7.0s) MSE=74.2681 MAE=4.1390
[784/864] RUN: aurora__C8_oracle__seed2021__Security__h12
    -> OK (7.0s) MSE=77.8492 MAE=4.2587
[785/864] RUN: aurora__C8_oracle__seed2021__SocialGood__h6
    -> OK (8.8s) MSE=0.7133 MAE=0.4424
[786/864] RUN: aurora__C8_oracle__seed2021__SocialGood__h8
    -> OK (9.2s) MSE=0.8073 MAE=0.4921
[787/864] RUN: aurora__C8_oracle__seed2021__SocialGood__h10
    -> OK (8.7s) MSE=0.8937 MAE=0.5422
[788/864] RUN: aurora__C8_oracle__seed2021__SocialGood__h12
    -> OK (8.6s) MSE=0.9565 MAE=0.5845
[789/864] RUN: aurora__C8_oracle__seed2021__Traffic__h6
    -> OK (7.7s) MSE=0.1554 MAE=0.2878
[790/864] RUN: aurora__C8_oracle__seed2021__Traffic__h8
    -> OK (7.7s) MSE=0.1595 MAE=0.2890
[791/864] RUN: aurora__C8_oracle__seed2021__Traffic__h10
    -> OK (7.6s) MSE=0.1641 MAE=0.2914
[792/864] RUN: aurora__C8_oracle__seed2021__Traffic__h12
    -> OK (7.6s) MSE=0.1699 MAE=0.2973
[793/864] RUN: aurora__C8_oracle__seed2022__Agriculture__h6
    -> OK (7.7s) MSE=0.1823 MAE=0.2979
[794/864] RUN: aurora__C8_oracle__seed2022__Agriculture__h8
    -> OK (7.5s) MSE=0.2411 MAE=0.3330
[795/864] RUN: aurora__C8_oracle__seed2022__Agriculture__h10
    -> OK (7.5s) MSE=0.3079 MAE=0.3709
[796/864] RUN: aurora__C8_oracle__seed2022__Agriculture__h12
    -> OK (7.6s) MSE=0.3736 MAE=0.3998
[797/864] RUN: aurora__C8_oracle__seed2022__Climate__h6
    -> OK (7.5s) MSE=0.8542 MAE=0.7454
[798/864] RUN: aurora__C8_oracle__seed2022__Climate__h8
    -> OK (7.5s) MSE=0.8608 MAE=0.7461
[799/864] RUN: aurora__C8_oracle__seed2022__Climate__h10
    -> OK (7.4s) MSE=0.8658 MAE=0.7462
[800/864] RUN: aurora__C8_oracle__seed2022__Climate__h12
    -> OK (7.5s) MSE=0.8734 MAE=0.7510
[801/864] RUN: aurora__C8_oracle__seed2022__Economy__h6
    -> OK (7.4s) MSE=0.0397 MAE=0.1608
[802/864] RUN: aurora__C8_oracle__seed2022__Economy__h8
    -> OK (7.7s) MSE=0.0354 MAE=0.1506
[803/864] RUN: aurora__C8_oracle__seed2022__Economy__h10
    -> OK (7.3s) MSE=0.0326 MAE=0.1449
[804/864] RUN: aurora__C8_oracle__seed2022__Economy__h12
    -> OK (7.3s) MSE=0.0335 MAE=0.1484
[805/864] RUN: aurora__C8_oracle__seed2022__Energy__h12
    -> OK (10.2s) MSE=0.1186 MAE=0.2555
[806/864] RUN: aurora__C8_oracle__seed2022__Energy__h24
    -> OK (10.2s) MSE=0.2252 MAE=0.3548
[807/864] RUN: aurora__C8_oracle__seed2022__Energy__h36
    -> OK (10.1s) MSE=0.2923 MAE=0.4113
[808/864] RUN: aurora__C8_oracle__seed2022__Energy__h48
    -> OK (9.9s) MSE=0.3864 MAE=0.4760
[809/864] RUN: aurora__C8_oracle__seed2022__Environment__h48
    -> OK (45.8s) MSE=0.2804 MAE=0.3798
[810/864] RUN: aurora__C8_oracle__seed2022__Environment__h96
    -> OK (50.9s) MSE=0.2845 MAE=0.3821
[811/864] RUN: aurora__C8_oracle__seed2022__Environment__h192
    -> OK (61.3s) MSE=0.2703 MAE=0.3756
[812/864] RUN: aurora__C8_oracle__seed2022__Environment__h336
    -> OK (75.1s) MSE=0.2691 MAE=0.3775
[813/864] RUN: aurora__C8_oracle__seed2022__Health__h12
    -> OK (10.2s) MSE=1.0968 MAE=0.6692
[814/864] RUN: aurora__C8_oracle__seed2022__Health__h24
    -> OK (9.7s) MSE=1.5732 MAE=0.8468
[815/864] RUN: aurora__C8_oracle__seed2022__Health__h36
    -> OK (9.6s) MSE=1.6924 MAE=0.9203
[816/864] RUN: aurora__C8_oracle__seed2022__Health__h48
    -> OK (9.9s) MSE=1.8612 MAE=0.9634
[817/864] RUN: aurora__C8_oracle__seed2022__Security__h6
    -> OK (7.1s) MSE=67.3871 MAE=3.9198
[818/864] RUN: aurora__C8_oracle__seed2022__Security__h8
    -> OK (7.1s) MSE=70.4236 MAE=4.0131
[819/864] RUN: aurora__C8_oracle__seed2022__Security__h10
    -> OK (6.9s) MSE=76.0062 MAE=4.2447
[820/864] RUN: aurora__C8_oracle__seed2022__Security__h12
    -> OK (6.9s) MSE=77.5830 MAE=4.2573
[821/864] RUN: aurora__C8_oracle__seed2022__SocialGood__h6
    -> OK (8.7s) MSE=0.7107 MAE=0.4385
[822/864] RUN: aurora__C8_oracle__seed2022__SocialGood__h8
    -> OK (8.6s) MSE=0.8109 MAE=0.4879
[823/864] RUN: aurora__C8_oracle__seed2022__SocialGood__h10
    -> OK (8.6s) MSE=0.8889 MAE=0.5385
[824/864] RUN: aurora__C8_oracle__seed2022__SocialGood__h12
    -> OK (8.5s) MSE=0.9597 MAE=0.5833
[825/864] RUN: aurora__C8_oracle__seed2022__Traffic__h6
    -> OK (7.6s) MSE=0.1563 MAE=0.2894
[826/864] RUN: aurora__C8_oracle__seed2022__Traffic__h8
    -> OK (7.6s) MSE=0.1609 MAE=0.2907
[827/864] RUN: aurora__C8_oracle__seed2022__Traffic__h10
    -> OK (7.6s) MSE=0.1652 MAE=0.2929
[828/864] RUN: aurora__C8_oracle__seed2022__Traffic__h12
    -> OK (7.5s) MSE=0.1693 MAE=0.2970
[829/864] RUN: aurora__C8_oracle__seed2023__Agriculture__h6
    -> OK (7.5s) MSE=0.1777 MAE=0.2929
[830/864] RUN: aurora__C8_oracle__seed2023__Agriculture__h8
    -> OK (7.5s) MSE=0.2389 MAE=0.3307
[831/864] RUN: aurora__C8_oracle__seed2023__Agriculture__h10
    -> OK (7.6s) MSE=0.3150 MAE=0.3747
[832/864] RUN: aurora__C8_oracle__seed2023__Agriculture__h12
    -> OK (7.5s) MSE=0.3640 MAE=0.3989
[833/864] RUN: aurora__C8_oracle__seed2023__Climate__h6
    -> OK (7.7s) MSE=0.8634 MAE=0.7483
[834/864] RUN: aurora__C8_oracle__seed2023__Climate__h8
    -> OK (7.5s) MSE=0.8648 MAE=0.7475
[835/864] RUN: aurora__C8_oracle__seed2023__Climate__h10
    -> OK (7.5s) MSE=0.8642 MAE=0.7472
[836/864] RUN: aurora__C8_oracle__seed2023__Climate__h12
    -> OK (7.4s) MSE=0.8730 MAE=0.7512
[837/864] RUN: aurora__C8_oracle__seed2023__Economy__h6
    -> OK (7.3s) MSE=0.0368 MAE=0.1566
[838/864] RUN: aurora__C8_oracle__seed2023__Economy__h8
    -> OK (7.3s) MSE=0.0341 MAE=0.1484
[839/864] RUN: aurora__C8_oracle__seed2023__Economy__h10
    -> OK (7.4s) MSE=0.0315 MAE=0.1426
[840/864] RUN: aurora__C8_oracle__seed2023__Economy__h12
    -> OK (7.7s) MSE=0.0340 MAE=0.1480
[841/864] RUN: aurora__C8_oracle__seed2023__Energy__h12
    -> OK (10.1s) MSE=0.1212 MAE=0.2588
[842/864] RUN: aurora__C8_oracle__seed2023__Energy__h24
    -> OK (10.0s) MSE=0.2275 MAE=0.3568
[843/864] RUN: aurora__C8_oracle__seed2023__Energy__h36
    -> OK (9.8s) MSE=0.2926 MAE=0.4110
[844/864] RUN: aurora__C8_oracle__seed2023__Energy__h48
    -> OK (9.7s) MSE=0.3834 MAE=0.4739
[845/864] RUN: aurora__C8_oracle__seed2023__Environment__h48
    -> OK (44.3s) MSE=0.2806 MAE=0.3801
[846/864] RUN: aurora__C8_oracle__seed2023__Environment__h96
    -> OK (49.8s) MSE=0.2844 MAE=0.3821
[847/864] RUN: aurora__C8_oracle__seed2023__Environment__h192
    -> OK (60.2s) MSE=0.2703 MAE=0.3756
[848/864] RUN: aurora__C8_oracle__seed2023__Environment__h336
    -> OK (81.2s) MSE=0.2691 MAE=0.3775
[849/864] RUN: aurora__C8_oracle__seed2023__Health__h12
    -> OK (10.6s) MSE=1.0939 MAE=0.6686
[850/864] RUN: aurora__C8_oracle__seed2023__Health__h24
    -> OK (10.4s) MSE=1.5724 MAE=0.8493
[851/864] RUN: aurora__C8_oracle__seed2023__Health__h36
    -> OK (10.2s) MSE=1.7023 MAE=0.9228
[852/864] RUN: aurora__C8_oracle__seed2023__Health__h48
    -> OK (9.6s) MSE=1.8672 MAE=0.9633
[853/864] RUN: aurora__C8_oracle__seed2023__Security__h6
    -> OK (7.3s) MSE=67.5320 MAE=3.9121
[854/864] RUN: aurora__C8_oracle__seed2023__Security__h8
    -> OK (7.7s) MSE=70.9904 MAE=4.0423
[855/864] RUN: aurora__C8_oracle__seed2023__Security__h10
    -> OK (7.1s) MSE=74.4565 MAE=4.1665
[856/864] RUN: aurora__C8_oracle__seed2023__Security__h12
    -> OK (7.1s) MSE=77.6535 MAE=4.2372
[857/864] RUN: aurora__C8_oracle__seed2023__SocialGood__h6
    -> OK (8.9s) MSE=0.7097 MAE=0.4388
[858/864] RUN: aurora__C8_oracle__seed2023__SocialGood__h8
    -> OK (8.7s) MSE=0.8163 MAE=0.4949
[859/864] RUN: aurora__C8_oracle__seed2023__SocialGood__h10
    -> OK (8.8s) MSE=0.8924 MAE=0.5427
[860/864] RUN: aurora__C8_oracle__seed2023__SocialGood__h12
    -> OK (8.7s) MSE=0.9647 MAE=0.5821
[861/864] RUN: aurora__C8_oracle__seed2023__Traffic__h6
    -> OK (7.7s) MSE=0.1568 MAE=0.2887
[862/864] RUN: aurora__C8_oracle__seed2023__Traffic__h8
    -> OK (7.7s) MSE=0.1601 MAE=0.2900
[863/864] RUN: aurora__C8_oracle__seed2023__Traffic__h10
    -> OK (7.6s) MSE=0.1633 MAE=0.2913
[864/864] RUN: aurora__C8_oracle__seed2023__Traffic__h12
    -> OK (7.7s) MSE=0.1696 MAE=0.2971

Sweep complete in 199.5 minutes.

=== SUMMARY ===
Total:   864
Success: 864
Failed:  0
